Using pre-set license
Built from '2020.3/release' branch; Version is '2020.3.7f1 (dd97f2c94397) revision 14522354'; Using compiler version '192528614'; Build Type 'Release'
OS: 'Windows 10 Pro; OS build 19042.985; Version 2009; 64bit' Language: 'en' Physical Memory: 32664 MB
BatchMode: 1, IsHumanControllingUs: 0, StartBugReporterOnCrash: 0, Is64bit: 1, IsPro: 0

 COMMAND LINE ARGUMENTS:
C:\Program Files\Unity\Hub\Editor\2020.3.7f1\Editor\Unity.exe
-adb2
-batchMode
-noUpm
-name
AssetImportWorker0
-projectPath
D:/Repository/GameDev/RPG_Experiments
-logFile
Logs/AssetImportWorker0.log
-srvPort
63024
Successfully changed project path to: D:/Repository/GameDev/RPG_Experiments
D:/Repository/GameDev/RPG_Experiments
Using Asset Import Pipeline V2.
Refreshing native plugins compatible for Editor in 31.44 ms, found 0 plugins.
Preloading 0 native plugins for Editor in 0.00 ms.
Initialize engine version: 2020.3.7f1 (dd97f2c94397)
[Subsystems] Discovering subsystems at path C:/Program Files/Unity/Hub/Editor/2020.3.7f1/Editor/Data/Resources/UnitySubsystems
[Subsystems] Discovering subsystems at path D:/Repository/GameDev/RPG_Experiments/Assets
GfxDevice: creating device client; threaded=0
Direct3D:
    Version:  Direct3D 11.0 [level 11.1]
    Renderer: NVIDIA GeForce RTX 2080 Ti (ID=0x1e07)
    Vendor:   
    VRAM:     11048 MB
    Driver:   27.21.14.6089
Initialize mono
Mono path[0] = 'C:/Program Files/Unity/Hub/Editor/2020.3.7f1/Editor/Data/Managed'
Mono path[1] = 'C:/Program Files/Unity/Hub/Editor/2020.3.7f1/Editor/Data/MonoBleedingEdge/lib/mono/unityjit'
Mono config path = 'C:/Program Files/Unity/Hub/Editor/2020.3.7f1/Editor/Data/MonoBleedingEdge/etc'
Using monoOptions --debugger-agent=transport=dt_socket,embedding=1,server=y,suspend=n,address=127.0.0.1:56272
Begin MonoManager ReloadAssembly
Registering precompiled unity dll's ...
Register platform support module: C:/Program Files/Unity/Hub/Editor/2020.3.7f1/Editor/Data/PlaybackEngines/WindowsStandaloneSupport/UnityEditor.WindowsStandalone.Extensions.dll
Registered in 0.001977 seconds.
Native extension for WindowsStandalone target not found
Refreshing native plugins compatible for Editor in 31.30 ms, found 0 plugins.
Preloading 0 native plugins for Editor in 0.00 ms.
Mono: successfully reloaded assembly
- Completed reload, in  1.038 seconds
Platform modules already initialized, skipping
Registering precompiled user dll's ...
Registered in 0.001059 seconds.
Begin MonoManager ReloadAssembly
Native extension for WindowsStandalone target not found
Refreshing native plugins compatible for Editor in 34.50 ms, found 0 plugins.
Preloading 0 native plugins for Editor in 0.00 ms.
Mono: successfully reloaded assembly
- Completed reload, in  0.973 seconds
Platform modules already initialized, skipping
========================================================================
Worker process is ready to serve import requests
Launched and connected shader compiler UnityShaderCompiler.exe after 0.05 seconds
Refreshing native plugins compatible for Editor in 0.31 ms, found 0 plugins.
Preloading 0 native plugins for Editor in 0.00 ms.
Unloading 1442 Unused Serialized files (Serialized files now loaded: 0)
System memory in use before: 70.8 MB.
System memory in use after: 70.9 MB.

Unloading 13 unused Assets to reduce memory usage. Loaded Objects now: 1892.
Total: 2.408700 ms (FindLiveObjects: 0.207900 ms CreateObjectMapping: 0.043000 ms MarkObjects: 2.047000 ms  DeleteObjects: 0.110000 ms)

========================================================================
Received Import Request.
  path: Assets/Models/Robot Kyle/Model/Animations/Humanoid.controller
  artifactKey: Guid(0d65310a6a6691b4bbe67fe2bd41c36a) Importer(815301076,1909f56bfc062723c751e8b465ee728b)
Start importing Assets/Models/Robot Kyle/Model/Animations/Humanoid.controller using Guid(0d65310a6a6691b4bbe67fe2bd41c36a) Importer(815301076,1909f56bfc062723c751e8b465ee728b)  -> (artifact id: '612574e3b2544e397f4c2d5c999251a5') in 0.241035 seconds
  Import took 0.244221 seconds .

========================================================================
Received Import Request.
  Time since last request: 18.580234 seconds.
  path: Assets/Models/Characters/Bot/Animation/Attacking/OH_Heavy_Attack_01.anim
  artifactKey: Guid(fe12ff2bd1508ee48b787de032b169da) Importer(815301076,1909f56bfc062723c751e8b465ee728b)
Start importing Assets/Models/Characters/Bot/Animation/Attacking/OH_Heavy_Attack_01.anim using Guid(fe12ff2bd1508ee48b787de032b169da) Importer(815301076,1909f56bfc062723c751e8b465ee728b)  -> (artifact id: '6250597b507772cab56b9e055d18c5a0') in 0.031871 seconds
  Import took 0.034533 seconds .

========================================================================
Received Import Request.
  Time since last request: 63.554578 seconds.
  path: Assets/Models/Characters/Bot/Animation/Attacking/OH_Light_Attack_02.anim
  artifactKey: Guid(e9d121729557b3b42ac9bc27c30ad4aa) Importer(815301076,1909f56bfc062723c751e8b465ee728b)
Start importing Assets/Models/Characters/Bot/Animation/Attacking/OH_Light_Attack_02.anim using Guid(e9d121729557b3b42ac9bc27c30ad4aa) Importer(815301076,1909f56bfc062723c751e8b465ee728b)  -> (artifact id: 'c291618f353ddc720ae7018adb7c7de9') in 0.021321 seconds
  Import took 0.024298 seconds .

========================================================================
Received Import Request.
  Time since last request: 1.057556 seconds.
  path: Assets/Models/Characters/Bot/Animation/Attacking/OH_Light_Attack_01.anim
  artifactKey: Guid(fa7af3e06f77b864a8f066e03dfd75bc) Importer(815301076,1909f56bfc062723c751e8b465ee728b)
Start importing Assets/Models/Characters/Bot/Animation/Attacking/OH_Light_Attack_01.anim using Guid(fa7af3e06f77b864a8f066e03dfd75bc) Importer(815301076,1909f56bfc062723c751e8b465ee728b)  -> (artifact id: '3bd5c219789fdbfd600cd8a76ced7972') in 0.025084 seconds
  Import took 0.027840 seconds .

========================================================================
Received Import Request.
  Time since last request: 77.920247 seconds.
  path: Assets/Models/Characters/Bot/Animation/Attacking/OH_Run_Attack.anim
  artifactKey: Guid(f27985abd7aeeab4e8bf5561d376fe96) Importer(815301076,1909f56bfc062723c751e8b465ee728b)
Start importing Assets/Models/Characters/Bot/Animation/Attacking/OH_Run_Attack.anim using Guid(f27985abd7aeeab4e8bf5561d376fe96) Importer(815301076,1909f56bfc062723c751e8b465ee728b)  -> (artifact id: '762add0b65839b67686a2ac541348aa8') in 0.032477 seconds
  Import took 0.035076 seconds .

========================================================================
Received Prepare
Registering precompiled user dll's ...
Registered in 0.001276 seconds.
Begin MonoManager ReloadAssembly
Native extension for WindowsStandalone target not found
Refreshing native plugins compatible for Editor in 0.33 ms, found 0 plugins.
Preloading 0 native plugins for Editor in 0.00 ms.
Mono: successfully reloaded assembly
- Completed reload, in  0.794 seconds
Platform modules already initialized, skipping
Refreshing native plugins compatible for Editor in 0.34 ms, found 0 plugins.
Preloading 0 native plugins for Editor in 0.00 ms.
Unloading 1435 Unused Serialized files (Serialized files now loaded: 0)
System memory in use before: 70.7 MB.
System memory in use after: 70.8 MB.

Unloading 6 unused Assets to reduce memory usage. Loaded Objects now: 1895.
Total: 2.107700 ms (FindLiveObjects: 0.243000 ms CreateObjectMapping: 0.059200 ms MarkObjects: 1.735500 ms  DeleteObjects: 0.069100 ms)

========================================================================
Received Import Request.
  Time since last request: 59.672425 seconds.
  path: Assets/JMO Assets
  artifactKey: Guid(f53eef19dcdbc964e8fd5edbcc4ea13b) Importer(815301076,1909f56bfc062723c751e8b465ee728b)
Start importing Assets/JMO Assets using Guid(f53eef19dcdbc964e8fd5edbcc4ea13b) Importer(815301076,1909f56bfc062723c751e8b465ee728b)  -> (artifact id: 'ba9bfb7d9669fcae915a5e4eee22589d') in 0.006793 seconds
  Import took 0.009391 seconds .

========================================================================
Received Prepare
Registering precompiled user dll's ...
Registered in 0.001047 seconds.
Begin MonoManager ReloadAssembly
Native extension for WindowsStandalone target not found
Refreshing native plugins compatible for Editor in 0.32 ms, found 0 plugins.
Preloading 0 native plugins for Editor in 0.00 ms.
Mono: successfully reloaded assembly
- Completed reload, in  0.815 seconds
Platform modules already initialized, skipping
Refreshing native plugins compatible for Editor in 0.36 ms, found 0 plugins.
Preloading 0 native plugins for Editor in 0.00 ms.
Unloading 1435 Unused Serialized files (Serialized files now loaded: 0)
System memory in use before: 70.8 MB.
System memory in use after: 70.9 MB.

Unloading 6 unused Assets to reduce memory usage. Loaded Objects now: 1898.
Total: 2.424600 ms (FindLiveObjects: 0.213700 ms CreateObjectMapping: 0.040200 ms MarkObjects: 2.090700 ms  DeleteObjects: 0.078700 ms)

========================================================================
Received Prepare
Registering precompiled user dll's ...
Registered in 0.001081 seconds.
Begin MonoManager ReloadAssembly
Native extension for WindowsStandalone target not found
Refreshing native plugins compatible for Editor in 0.36 ms, found 0 plugins.
Preloading 0 native plugins for Editor in 0.00 ms.
Mono: successfully reloaded assembly
- Completed reload, in  0.833 seconds
Platform modules already initialized, skipping
Refreshing native plugins compatible for Editor in 0.58 ms, found 0 plugins.
Preloading 0 native plugins for Editor in 0.00 ms.
Unloading 1435 Unused Serialized files (Serialized files now loaded: 0)
System memory in use before: 70.8 MB.
System memory in use after: 70.9 MB.

Unloading 6 unused Assets to reduce memory usage. Loaded Objects now: 1901.
Total: 2.036600 ms (FindLiveObjects: 0.194500 ms CreateObjectMapping: 0.040400 ms MarkObjects: 1.733100 ms  DeleteObjects: 0.067700 ms)

========================================================================
Received Import Request.
  Time since last request: 150.331392 seconds.
  path: Assets/Scripts/DamagePlayer.cs
  artifactKey: Guid(e50fa3bfe5ab65e49b1400c4ff8a0402) Importer(815301076,1909f56bfc062723c751e8b465ee728b)
Start importing Assets/Scripts/DamagePlayer.cs using Guid(e50fa3bfe5ab65e49b1400c4ff8a0402) Importer(815301076,1909f56bfc062723c751e8b465ee728b)  -> (artifact id: '456a922faddca506a3264e96e770d5e0') in 0.013746 seconds
  Import took 0.016590 seconds .

========================================================================
Received Import Request.
  Time since last request: 0.003357 seconds.
  path: Assets/Scripts/DamagePlayer.cs
  artifactKey: Guid(e50fa3bfe5ab65e49b1400c4ff8a0402) Importer(815301076,1909f56bfc062723c751e8b465ee728b)
Start importing Assets/Scripts/DamagePlayer.cs using Guid(e50fa3bfe5ab65e49b1400c4ff8a0402) Importer(815301076,1909f56bfc062723c751e8b465ee728b)  -> (artifact id: '456a922faddca506a3264e96e770d5e0') in 0.003007 seconds
  Import took 0.005423 seconds .

========================================================================
Received Prepare
Registering precompiled user dll's ...
Registered in 0.001042 seconds.
Begin MonoManager ReloadAssembly
Native extension for WindowsStandalone target not found
Refreshing native plugins compatible for Editor in 0.31 ms, found 0 plugins.
Preloading 0 native plugins for Editor in 0.00 ms.
Mono: successfully reloaded assembly
- Completed reload, in  0.815 seconds
Platform modules already initialized, skipping
Refreshing native plugins compatible for Editor in 0.33 ms, found 0 plugins.
Preloading 0 native plugins for Editor in 0.00 ms.
Unloading 1436 Unused Serialized files (Serialized files now loaded: 0)
System memory in use before: 70.8 MB.
System memory in use after: 70.9 MB.

Unloading 6 unused Assets to reduce memory usage. Loaded Objects now: 1905.
Total: 2.615400 ms (FindLiveObjects: 0.214600 ms CreateObjectMapping: 0.043800 ms MarkObjects: 2.281200 ms  DeleteObjects: 0.074100 ms)

========================================================================
Received Prepare
Registering precompiled user dll's ...
Registered in 0.001834 seconds.
Begin MonoManager ReloadAssembly
Native extension for WindowsStandalone target not found
Refreshing native plugins compatible for Editor in 0.33 ms, found 0 plugins.
Preloading 0 native plugins for Editor in 0.00 ms.
Mono: successfully reloaded assembly
- Completed reload, in  0.820 seconds
Platform modules already initialized, skipping
Refreshing native plugins compatible for Editor in 0.31 ms, found 0 plugins.
Preloading 0 native plugins for Editor in 0.00 ms.
Unloading 1436 Unused Serialized files (Serialized files now loaded: 0)
System memory in use before: 70.8 MB.
System memory in use after: 70.9 MB.

Unloading 6 unused Assets to reduce memory usage. Loaded Objects now: 1908.
Total: 2.000800 ms (FindLiveObjects: 0.200300 ms CreateObjectMapping: 0.056300 ms MarkObjects: 1.675400 ms  DeleteObjects: 0.067800 ms)

========================================================================
Received Prepare
Registering precompiled user dll's ...
Registered in 0.001295 seconds.
Begin MonoManager ReloadAssembly
Native extension for WindowsStandalone target not found
Refreshing native plugins compatible for Editor in 0.39 ms, found 0 plugins.
Preloading 0 native plugins for Editor in 0.00 ms.
Mono: successfully reloaded assembly
- Completed reload, in  0.826 seconds
Platform modules already initialized, skipping
Refreshing native plugins compatible for Editor in 0.31 ms, found 0 plugins.
Preloading 0 native plugins for Editor in 0.00 ms.
Unloading 1436 Unused Serialized files (Serialized files now loaded: 0)
System memory in use before: 70.9 MB.
System memory in use after: 70.9 MB.

Unloading 6 unused Assets to reduce memory usage. Loaded Objects now: 1911.
Total: 2.474300 ms (FindLiveObjects: 0.216000 ms CreateObjectMapping: 0.045400 ms MarkObjects: 2.120300 ms  DeleteObjects: 0.091400 ms)

========================================================================
Received Import Request.
  Time since last request: 236.789404 seconds.
  path: Assets/Scripts/DamagePlayer.cs
  artifactKey: Guid(e50fa3bfe5ab65e49b1400c4ff8a0402) Importer(815301076,1909f56bfc062723c751e8b465ee728b)
Start importing Assets/Scripts/DamagePlayer.cs using Guid(e50fa3bfe5ab65e49b1400c4ff8a0402) Importer(815301076,1909f56bfc062723c751e8b465ee728b)  -> (artifact id: 'bb0e785196d977460b59c2f2cc784e67') in 0.005418 seconds
  Import took 0.007849 seconds .

========================================================================
Received Prepare
Registering precompiled user dll's ...
Registered in 0.001125 seconds.
Begin MonoManager ReloadAssembly
Native extension for WindowsStandalone target not found
Refreshing native plugins compatible for Editor in 0.31 ms, found 0 plugins.
Preloading 0 native plugins for Editor in 0.00 ms.
Mono: successfully reloaded assembly
- Completed reload, in  0.813 seconds
Platform modules already initialized, skipping
Refreshing native plugins compatible for Editor in 0.31 ms, found 0 plugins.
Preloading 0 native plugins for Editor in 0.00 ms.
Unloading 1436 Unused Serialized files (Serialized files now loaded: 0)
System memory in use before: 70.9 MB.
System memory in use after: 70.9 MB.

Unloading 6 unused Assets to reduce memory usage. Loaded Objects now: 1914.
Total: 2.052500 ms (FindLiveObjects: 0.238300 ms CreateObjectMapping: 0.048800 ms MarkObjects: 1.688800 ms  DeleteObjects: 0.074600 ms)

========================================================================
Received Prepare
Registering precompiled user dll's ...
Registered in 0.001289 seconds.
Begin MonoManager ReloadAssembly
Native extension for WindowsStandalone target not found
Refreshing native plugins compatible for Editor in 0.36 ms, found 0 plugins.
Preloading 0 native plugins for Editor in 0.00 ms.
Mono: successfully reloaded assembly
- Completed reload, in  0.852 seconds
Platform modules already initialized, skipping
Refreshing native plugins compatible for Editor in 0.31 ms, found 0 plugins.
Preloading 0 native plugins for Editor in 0.00 ms.
Unloading 1436 Unused Serialized files (Serialized files now loaded: 0)
System memory in use before: 70.9 MB.
System memory in use after: 71.0 MB.

Unloading 6 unused Assets to reduce memory usage. Loaded Objects now: 1917.
Total: 3.291200 ms (FindLiveObjects: 0.387700 ms CreateObjectMapping: 0.072800 ms MarkObjects: 2.728000 ms  DeleteObjects: 0.100700 ms)

========================================================================
Received Import Request.
  Time since last request: 559.629429 seconds.
  path: Assets/Models/Characters/Bot/Animation/Reaction
  artifactKey: Guid(324ebd5295c685d489c2d9ba91262a71) Importer(815301076,1909f56bfc062723c751e8b465ee728b)
Start importing Assets/Models/Characters/Bot/Animation/Reaction using Guid(324ebd5295c685d489c2d9ba91262a71) Importer(815301076,1909f56bfc062723c751e8b465ee728b)  -> (artifact id: '36b7db74c03612665ddd79e7f192f6b9') in 0.016242 seconds
  Import took 0.020312 seconds .

========================================================================
Received Import Request.
  Time since last request: 0.003078 seconds.
  path: Assets/Models/Characters/Bot/Animation/Reaction
  artifactKey: Guid(324ebd5295c685d489c2d9ba91262a71) Importer(815301076,1909f56bfc062723c751e8b465ee728b)
Start importing Assets/Models/Characters/Bot/Animation/Reaction using Guid(324ebd5295c685d489c2d9ba91262a71) Importer(815301076,1909f56bfc062723c751e8b465ee728b)  -> (artifact id: '36b7db74c03612665ddd79e7f192f6b9') in 0.004220 seconds
  Import took 0.008615 seconds .

========================================================================
Received Import Request.
  Time since last request: 5.334852 seconds.
  path: Assets/Models/Characters/Bot/Animation/Reaction/ybot@Standing React Small From Right.fbx
  artifactKey: Guid(7e18eec3e6a6dcf4ab4f5f1bc98e429e) Importer(815301076,1909f56bfc062723c751e8b465ee728b)
Start importing Assets/Models/Characters/Bot/Animation/Reaction/ybot@Standing React Small From Right.fbx using Guid(7e18eec3e6a6dcf4ab4f5f1bc98e429e) Importer(815301076,1909f56bfc062723c751e8b465ee728b)  -> (artifact id: '34dca84625190e9ec1ceb10750f9a882') in 0.135130 seconds
  Import took 0.140761 seconds .

========================================================================
Received Import Request.
  Time since last request: 13.913825 seconds.
  path: Assets/Models/Characters/Bot/Animation/Reaction/ybot@Standing React Small From Right.fbx
  artifactKey: Guid(7e18eec3e6a6dcf4ab4f5f1bc98e429e) Importer(815301076,1909f56bfc062723c751e8b465ee728b)
Start importing Assets/Models/Characters/Bot/Animation/Reaction/ybot@Standing React Small From Right.fbx using Guid(7e18eec3e6a6dcf4ab4f5f1bc98e429e) Importer(815301076,1909f56bfc062723c751e8b465ee728b)  -> (artifact id: 'dce180ccde0f837ac9a92c4b6105d000') in 0.009537 seconds
  Import took 0.013367 seconds .

========================================================================
Received Import Request.
  Time since last request: 8.924793 seconds.
  path: Assets/Models/Characters/Bot/Animation/Reaction/Standing React Small From Right.anim
  artifactKey: Guid(8932ff4d185fcfd49bac584e14073ec3) Importer(815301076,1909f56bfc062723c751e8b465ee728b)
Start importing Assets/Models/Characters/Bot/Animation/Reaction/Standing React Small From Right.anim using Guid(8932ff4d185fcfd49bac584e14073ec3) Importer(815301076,1909f56bfc062723c751e8b465ee728b)  -> (artifact id: 'e8f329ce337c4b4437d8c1848bbf7aac') in 0.022302 seconds
  Import took 0.026639 seconds .

========================================================================
Received Prepare
Registering precompiled user dll's ...
Registered in 0.002562 seconds.
Begin MonoManager ReloadAssembly
Native extension for WindowsStandalone target not found
Refreshing native plugins compatible for Editor in 0.52 ms, found 0 plugins.
Preloading 0 native plugins for Editor in 0.00 ms.
Mono: successfully reloaded assembly
- Completed reload, in  1.300 seconds
Platform modules already initialized, skipping
Refreshing native plugins compatible for Editor in 0.93 ms, found 0 plugins.
Preloading 0 native plugins for Editor in 0.00 ms.
Unloading 1436 Unused Serialized files (Serialized files now loaded: 0)
System memory in use before: 70.9 MB.
System memory in use after: 71.0 MB.

Unloading 6 unused Assets to reduce memory usage. Loaded Objects now: 1920.
Total: 5.293100 ms (FindLiveObjects: 0.403500 ms CreateObjectMapping: 0.057800 ms MarkObjects: 4.678200 ms  DeleteObjects: 0.151100 ms)

========================================================================
Received Prepare
Registering precompiled user dll's ...
Registered in 0.001722 seconds.
Begin MonoManager ReloadAssembly
Native extension for WindowsStandalone target not found
Refreshing native plugins compatible for Editor in 0.53 ms, found 0 plugins.
Preloading 0 native plugins for Editor in 0.00 ms.
Mono: successfully reloaded assembly
- Completed reload, in  1.153 seconds
Platform modules already initialized, skipping
Refreshing native plugins compatible for Editor in 0.60 ms, found 0 plugins.
Preloading 0 native plugins for Editor in 0.00 ms.
Unloading 1436 Unused Serialized files (Serialized files now loaded: 0)
System memory in use before: 70.9 MB.
System memory in use after: 71.0 MB.

Unloading 6 unused Assets to reduce memory usage. Loaded Objects now: 1923.
Total: 3.087100 ms (FindLiveObjects: 0.319100 ms CreateObjectMapping: 0.051800 ms MarkObjects: 2.590300 ms  DeleteObjects: 0.124000 ms)

========================================================================
Received Import Request.
  Time since last request: 528.590300 seconds.
  path: Assets/Models/Characters/Bot/Animation/Reaction/ybot@Sword And Shield Death.fbx
  artifactKey: Guid(12ceb20f80c0ad1468309c3dfff9c50b) Importer(815301076,1909f56bfc062723c751e8b465ee728b)
Start importing Assets/Models/Characters/Bot/Animation/Reaction/ybot@Sword And Shield Death.fbx using Guid(12ceb20f80c0ad1468309c3dfff9c50b) Importer(815301076,1909f56bfc062723c751e8b465ee728b)  -> (artifact id: '82306f7ba9bdd3cb49e202839cd844d9') in 0.045372 seconds
  Import took 0.049383 seconds .

========================================================================
Received Import Request.
  Time since last request: 11.922565 seconds.
  path: Assets/Models/Characters/Bot/Animation/Reaction/ybot@Sword And Shield Death.fbx
  artifactKey: Guid(12ceb20f80c0ad1468309c3dfff9c50b) Importer(815301076,1909f56bfc062723c751e8b465ee728b)
Start importing Assets/Models/Characters/Bot/Animation/Reaction/ybot@Sword And Shield Death.fbx using Guid(12ceb20f80c0ad1468309c3dfff9c50b) Importer(815301076,1909f56bfc062723c751e8b465ee728b)  -> (artifact id: '70ff3d01ace29956e8fe3e20875386b8') in 0.012909 seconds
  Import took 0.018074 seconds .

========================================================================
Received Import Request.
  Time since last request: 29.659109 seconds.
  path: Assets/Models/Characters/Bot/Animation/Reaction/Sword And Shield Death.anim
  artifactKey: Guid(171a9e8b46860ba4f95c9d3ee85b3780) Importer(815301076,1909f56bfc062723c751e8b465ee728b)
Start importing Assets/Models/Characters/Bot/Animation/Reaction/Sword And Shield Death.anim using Guid(171a9e8b46860ba4f95c9d3ee85b3780) Importer(815301076,1909f56bfc062723c751e8b465ee728b)  -> (artifact id: '0c7a3f9213e9036932b71c659e50fd24') in 0.044030 seconds
  Import took 0.048636 seconds .

========================================================================
Received Prepare
Registering precompiled user dll's ...
Registered in 0.001881 seconds.
Begin MonoManager ReloadAssembly
Native extension for WindowsStandalone target not found
Refreshing native plugins compatible for Editor in 0.92 ms, found 0 plugins.
Preloading 0 native plugins for Editor in 0.00 ms.
Mono: successfully reloaded assembly
- Completed reload, in  1.247 seconds
Platform modules already initialized, skipping
Refreshing native plugins compatible for Editor in 0.64 ms, found 0 plugins.
Preloading 0 native plugins for Editor in 0.00 ms.
Unloading 1436 Unused Serialized files (Serialized files now loaded: 0)
System memory in use before: 71.0 MB.
System memory in use after: 71.1 MB.

Unloading 6 unused Assets to reduce memory usage. Loaded Objects now: 1926.
Total: 3.291100 ms (FindLiveObjects: 0.338900 ms CreateObjectMapping: 0.066800 ms MarkObjects: 2.778400 ms  DeleteObjects: 0.105600 ms)

========================================================================
Received Prepare
Registering precompiled user dll's ...
Registered in 0.002602 seconds.
Begin MonoManager ReloadAssembly
Native extension for WindowsStandalone target not found
Refreshing native plugins compatible for Editor in 0.74 ms, found 0 plugins.
Preloading 0 native plugins for Editor in 0.00 ms.
Mono: successfully reloaded assembly
- Completed reload, in  1.060 seconds
Platform modules already initialized, skipping
Refreshing native plugins compatible for Editor in 0.73 ms, found 0 plugins.
Preloading 0 native plugins for Editor in 0.00 ms.
Unloading 1436 Unused Serialized files (Serialized files now loaded: 0)
System memory in use before: 71.0 MB.
System memory in use after: 71.1 MB.

Unloading 6 unused Assets to reduce memory usage. Loaded Objects now: 1929.
Total: 3.392200 ms (FindLiveObjects: 0.315100 ms CreateObjectMapping: 0.073800 ms MarkObjects: 2.871100 ms  DeleteObjects: 0.128800 ms)

========================================================================
Received Prepare
Registering precompiled user dll's ...
Registered in 0.001836 seconds.
Begin MonoManager ReloadAssembly
Native extension for WindowsStandalone target not found
Refreshing native plugins compatible for Editor in 1.06 ms, found 0 plugins.
Preloading 0 native plugins for Editor in 0.00 ms.
Mono: successfully reloaded assembly
- Completed reload, in  1.189 seconds
Platform modules already initialized, skipping
Refreshing native plugins compatible for Editor in 0.83 ms, found 0 plugins.
Preloading 0 native plugins for Editor in 0.00 ms.
Unloading 1436 Unused Serialized files (Serialized files now loaded: 0)
System memory in use before: 71.0 MB.
System memory in use after: 71.1 MB.

Unloading 6 unused Assets to reduce memory usage. Loaded Objects now: 1932.
Total: 3.496900 ms (FindLiveObjects: 0.475000 ms CreateObjectMapping: 0.085500 ms MarkObjects: 2.801000 ms  DeleteObjects: 0.133100 ms)

========================================================================
Received Prepare
Registering precompiled user dll's ...
Registered in 0.002240 seconds.
Begin MonoManager ReloadAssembly
Native extension for WindowsStandalone target not found
Refreshing native plugins compatible for Editor in 0.65 ms, found 0 plugins.
Preloading 0 native plugins for Editor in 0.00 ms.
Mono: successfully reloaded assembly
- Completed reload, in  1.202 seconds
Platform modules already initialized, skipping
Refreshing native plugins compatible for Editor in 0.84 ms, found 0 plugins.
Preloading 0 native plugins for Editor in 0.00 ms.
Unloading 1436 Unused Serialized files (Serialized files now loaded: 0)
System memory in use before: 71.0 MB.
System memory in use after: 71.1 MB.

Unloading 6 unused Assets to reduce memory usage. Loaded Objects now: 1935.
Total: 2.927300 ms (FindLiveObjects: 0.327000 ms CreateObjectMapping: 0.062000 ms MarkObjects: 2.458700 ms  DeleteObjects: 0.077800 ms)

========================================================================
Received Prepare
Registering precompiled user dll's ...
Registered in 0.001728 seconds.
Begin MonoManager ReloadAssembly
Native extension for WindowsStandalone target not found
Refreshing native plugins compatible for Editor in 0.54 ms, found 0 plugins.
Preloading 0 native plugins for Editor in 0.00 ms.
Mono: successfully reloaded assembly
- Completed reload, in  1.133 seconds
Platform modules already initialized, skipping
Refreshing native plugins compatible for Editor in 0.69 ms, found 0 plugins.
Preloading 0 native plugins for Editor in 0.00 ms.
Unloading 1436 Unused Serialized files (Serialized files now loaded: 0)
System memory in use before: 71.0 MB.
System memory in use after: 71.1 MB.

Unloading 6 unused Assets to reduce memory usage. Loaded Objects now: 1938.
Total: 4.724300 ms (FindLiveObjects: 0.448800 ms CreateObjectMapping: 0.098800 ms MarkObjects: 4.057200 ms  DeleteObjects: 0.117900 ms)

========================================================================
Received Prepare
Registering precompiled user dll's ...
Registered in 0.002463 seconds.
Begin MonoManager ReloadAssembly
Native extension for WindowsStandalone target not found
Refreshing native plugins compatible for Editor in 0.99 ms, found 0 plugins.
Preloading 0 native plugins for Editor in 0.00 ms.
Mono: successfully reloaded assembly
- Completed reload, in  1.400 seconds
Platform modules already initialized, skipping
Refreshing native plugins compatible for Editor in 0.80 ms, found 0 plugins.
Preloading 0 native plugins for Editor in 0.00 ms.
Unloading 1436 Unused Serialized files (Serialized files now loaded: 0)
System memory in use before: 71.0 MB.
System memory in use after: 71.1 MB.

Unloading 6 unused Assets to reduce memory usage. Loaded Objects now: 1941.
Total: 4.819300 ms (FindLiveObjects: 0.448100 ms CreateObjectMapping: 0.073300 ms MarkObjects: 4.104000 ms  DeleteObjects: 0.189600 ms)

========================================================================
Received Prepare
Registering precompiled user dll's ...
Registered in 0.002433 seconds.
Begin MonoManager ReloadAssembly
Native extension for WindowsStandalone target not found
Refreshing native plugins compatible for Editor in 0.78 ms, found 0 plugins.
Preloading 0 native plugins for Editor in 0.00 ms.
Mono: successfully reloaded assembly
- Completed reload, in  1.167 seconds
Platform modules already initialized, skipping
Refreshing native plugins compatible for Editor in 0.81 ms, found 0 plugins.
Preloading 0 native plugins for Editor in 0.00 ms.
Unloading 1436 Unused Serialized files (Serialized files now loaded: 0)
System memory in use before: 71.0 MB.
System memory in use after: 71.1 MB.

Unloading 6 unused Assets to reduce memory usage. Loaded Objects now: 1944.
Total: 3.706900 ms (FindLiveObjects: 0.507200 ms CreateObjectMapping: 0.088400 ms MarkObjects: 3.025600 ms  DeleteObjects: 0.083800 ms)

========================================================================
Received Prepare
Registering precompiled user dll's ...
Registered in 0.002055 seconds.
Begin MonoManager ReloadAssembly
Native extension for WindowsStandalone target not found
Refreshing native plugins compatible for Editor in 1.11 ms, found 0 plugins.
Preloading 0 native plugins for Editor in 0.00 ms.
Mono: successfully reloaded assembly
- Completed reload, in  1.182 seconds
Platform modules already initialized, skipping
Refreshing native plugins compatible for Editor in 0.58 ms, found 0 plugins.
Preloading 0 native plugins for Editor in 0.00 ms.
Unloading 1436 Unused Serialized files (Serialized files now loaded: 0)
System memory in use before: 71.1 MB.
System memory in use after: 71.1 MB.

Unloading 6 unused Assets to reduce memory usage. Loaded Objects now: 1947.
Total: 4.713500 ms (FindLiveObjects: 0.361800 ms CreateObjectMapping: 0.058900 ms MarkObjects: 4.178400 ms  DeleteObjects: 0.112200 ms)

========================================================================
Received Import Request.
  Time since last request: 931.193567 seconds.
  path: Assets/Models/Characters/Bot/Animation/Attacking/OH_Light_Attack_01.anim
  artifactKey: Guid(fa7af3e06f77b864a8f066e03dfd75bc) Importer(815301076,1909f56bfc062723c751e8b465ee728b)
Start importing Assets/Models/Characters/Bot/Animation/Attacking/OH_Light_Attack_01.anim using Guid(fa7af3e06f77b864a8f066e03dfd75bc) Importer(815301076,1909f56bfc062723c751e8b465ee728b)  -> (artifact id: '1db824a010037524e9d186abe282750d') in 0.043615 seconds
  Import took 0.246234 seconds .

========================================================================
Received Import Request.
  Time since last request: 0.783624 seconds.
  path: Assets/Models/Characters/Bot/Animation/Attacking/OH_Run_Attack.anim
  artifactKey: Guid(f27985abd7aeeab4e8bf5561d376fe96) Importer(815301076,1909f56bfc062723c751e8b465ee728b)
Start importing Assets/Models/Characters/Bot/Animation/Attacking/OH_Run_Attack.anim using Guid(f27985abd7aeeab4e8bf5561d376fe96) Importer(815301076,1909f56bfc062723c751e8b465ee728b)  -> (artifact id: '5deb138febfb68d1ead33257beca2df5') in 0.031986 seconds
  Import took 0.036067 seconds .

========================================================================
Received Import Request.
  Time since last request: 7.249042 seconds.
  path: Assets/Models/Characters/Bot/Animation/Attacking/Standing Melee Run Jump Attack.anim
  artifactKey: Guid(d9bf679626fd77e45b24d97ee97d431f) Importer(815301076,1909f56bfc062723c751e8b465ee728b)
Start importing Assets/Models/Characters/Bot/Animation/Attacking/Standing Melee Run Jump Attack.anim using Guid(d9bf679626fd77e45b24d97ee97d431f) Importer(815301076,1909f56bfc062723c751e8b465ee728b)  -> (artifact id: '89e279297a99d00481f5813d37aa8557') in 0.052427 seconds
  Import took 0.057143 seconds .

========================================================================
Received Prepare
Registering precompiled user dll's ...
Registered in 0.002509 seconds.
Begin MonoManager ReloadAssembly
Native extension for WindowsStandalone target not found
Refreshing native plugins compatible for Editor in 0.94 ms, found 0 plugins.
Preloading 0 native plugins for Editor in 0.00 ms.
Mono: successfully reloaded assembly
- Completed reload, in  1.059 seconds
Platform modules already initialized, skipping
Refreshing native plugins compatible for Editor in 0.55 ms, found 0 plugins.
Preloading 0 native plugins for Editor in 0.00 ms.
Unloading 1436 Unused Serialized files (Serialized files now loaded: 0)
System memory in use before: 71.1 MB.
System memory in use after: 71.1 MB.

Unloading 6 unused Assets to reduce memory usage. Loaded Objects now: 1950.
Total: 3.243600 ms (FindLiveObjects: 0.287000 ms CreateObjectMapping: 0.047100 ms MarkObjects: 2.798700 ms  DeleteObjects: 0.107900 ms)

========================================================================
Received Prepare
Registering precompiled user dll's ...
Registered in 0.002172 seconds.
Begin MonoManager ReloadAssembly
Native extension for WindowsStandalone target not found
Refreshing native plugins compatible for Editor in 0.79 ms, found 0 plugins.
Preloading 0 native plugins for Editor in 0.00 ms.
Mono: successfully reloaded assembly
- Completed reload, in  1.084 seconds
Platform modules already initialized, skipping
Refreshing native plugins compatible for Editor in 0.66 ms, found 0 plugins.
Preloading 0 native plugins for Editor in 0.00 ms.
Unloading 1436 Unused Serialized files (Serialized files now loaded: 0)
System memory in use before: 71.1 MB.
System memory in use after: 71.2 MB.

Unloading 6 unused Assets to reduce memory usage. Loaded Objects now: 1953.
Total: 4.794300 ms (FindLiveObjects: 0.506800 ms CreateObjectMapping: 0.079400 ms MarkObjects: 4.081300 ms  DeleteObjects: 0.124200 ms)

========================================================================
Received Prepare
Registering precompiled user dll's ...
Registered in 0.002292 seconds.
Begin MonoManager ReloadAssembly
Native extension for WindowsStandalone target not found
Refreshing native plugins compatible for Editor in 0.52 ms, found 0 plugins.
Preloading 0 native plugins for Editor in 0.00 ms.
Mono: successfully reloaded assembly
- Completed reload, in  1.112 seconds
Platform modules already initialized, skipping
Refreshing native plugins compatible for Editor in 0.67 ms, found 0 plugins.
Preloading 0 native plugins for Editor in 0.00 ms.
Unloading 1436 Unused Serialized files (Serialized files now loaded: 0)
System memory in use before: 71.1 MB.
System memory in use after: 71.2 MB.

Unloading 6 unused Assets to reduce memory usage. Loaded Objects now: 1956.
Total: 3.802000 ms (FindLiveObjects: 0.495900 ms CreateObjectMapping: 0.074700 ms MarkObjects: 3.122400 ms  DeleteObjects: 0.105100 ms)

========================================================================
Received Import Request.
  Time since last request: 1046.233340 seconds.
  path: Assets/Data/Prefabs/Weapons/Sword_classic.prefab
  artifactKey: Guid(88fd01d4692952748936a253853f456e) Importer(815301076,1909f56bfc062723c751e8b465ee728b)
Start importing Assets/Data/Prefabs/Weapons/Sword_classic.prefab using Guid(88fd01d4692952748936a253853f456e) Importer(815301076,1909f56bfc062723c751e8b465ee728b)  -> (artifact id: '92691294a985fc177d466b221e5e92f3') in 0.243899 seconds
  Import took 0.249321 seconds .

========================================================================
Received Import Request.
  Time since last request: 55.291100 seconds.
  path: Assets/Data/Prefabs/Weapons/Sword_classic.prefab
  artifactKey: Guid(88fd01d4692952748936a253853f456e) Importer(815301076,1909f56bfc062723c751e8b465ee728b)
Start importing Assets/Data/Prefabs/Weapons/Sword_classic.prefab using Guid(88fd01d4692952748936a253853f456e) Importer(815301076,1909f56bfc062723c751e8b465ee728b)  -> (artifact id: '4d977931508f66ac6ed6f562974fc51e') in 0.038305 seconds
  Import took 0.043486 seconds .

========================================================================
Received Import Request.
  Time since last request: 29.686564 seconds.
  path: Assets/Data/Prefabs/Weapons/Sword_classic.prefab
  artifactKey: Guid(88fd01d4692952748936a253853f456e) Importer(815301076,1909f56bfc062723c751e8b465ee728b)
Start importing Assets/Data/Prefabs/Weapons/Sword_classic.prefab using Guid(88fd01d4692952748936a253853f456e) Importer(815301076,1909f56bfc062723c751e8b465ee728b)  -> (artifact id: '9988814c18a2d709ff7c691a2679bf54') in 0.031317 seconds
  Import took 0.036229 seconds .

========================================================================
Received Import Request.
  Time since last request: 6.639162 seconds.
  path: Assets/Data/Prefabs/Weapons/Sword_classic.prefab
  artifactKey: Guid(88fd01d4692952748936a253853f456e) Importer(815301076,1909f56bfc062723c751e8b465ee728b)
Start importing Assets/Data/Prefabs/Weapons/Sword_classic.prefab using Guid(88fd01d4692952748936a253853f456e) Importer(815301076,1909f56bfc062723c751e8b465ee728b)  -> (artifact id: 'b7066552084b91f8880720f8b4a3af1c') in 0.030688 seconds
  Import took 0.036545 seconds .

========================================================================
Received Import Request.
  Time since last request: 9.404163 seconds.
  path: Assets/Data/Prefabs/Weapons/Sword_classic.prefab
  artifactKey: Guid(88fd01d4692952748936a253853f456e) Importer(815301076,1909f56bfc062723c751e8b465ee728b)
Start importing Assets/Data/Prefabs/Weapons/Sword_classic.prefab using Guid(88fd01d4692952748936a253853f456e) Importer(815301076,1909f56bfc062723c751e8b465ee728b)  -> (artifact id: 'd3f44e2c54121f5eaaf045d8718996fd') in 0.068495 seconds
  Import took 0.073538 seconds .

========================================================================
Received Import Request.
  Time since last request: 4.774670 seconds.
  path: Assets/Data/Prefabs/Weapons/Sword_classic.prefab
  artifactKey: Guid(88fd01d4692952748936a253853f456e) Importer(815301076,1909f56bfc062723c751e8b465ee728b)
Start importing Assets/Data/Prefabs/Weapons/Sword_classic.prefab using Guid(88fd01d4692952748936a253853f456e) Importer(815301076,1909f56bfc062723c751e8b465ee728b)  -> (artifact id: '0fbfa33dacdd660f105d55354cc3ac5b') in 0.038610 seconds
  Import took 0.045046 seconds .

========================================================================
Received Import Request.
  Time since last request: 2.593154 seconds.
  path: Assets/Data/Prefabs/Weapons/Sword_classic.prefab
  artifactKey: Guid(88fd01d4692952748936a253853f456e) Importer(815301076,1909f56bfc062723c751e8b465ee728b)
Start importing Assets/Data/Prefabs/Weapons/Sword_classic.prefab using Guid(88fd01d4692952748936a253853f456e) Importer(815301076,1909f56bfc062723c751e8b465ee728b)  -> (artifact id: 'e44dce3a96c50ab416c4e16ea6ccc9e3') in 0.042806 seconds
  Import took 0.048660 seconds .

========================================================================
Received Import Request.
  Time since last request: 10.711641 seconds.
  path: Assets/Data/Prefabs/Weapons/Sword_classic.prefab
  artifactKey: Guid(88fd01d4692952748936a253853f456e) Importer(815301076,1909f56bfc062723c751e8b465ee728b)
Start importing Assets/Data/Prefabs/Weapons/Sword_classic.prefab using Guid(88fd01d4692952748936a253853f456e) Importer(815301076,1909f56bfc062723c751e8b465ee728b)  -> (artifact id: '7a45278c514db435f0e9842df1edd333') in 0.037165 seconds
  Import took 0.042829 seconds .

========================================================================
Received Import Request.
  Time since last request: 2.799675 seconds.
  path: Assets/Data/Prefabs/Weapons/Sword_classic.prefab
  artifactKey: Guid(88fd01d4692952748936a253853f456e) Importer(815301076,1909f56bfc062723c751e8b465ee728b)
Start importing Assets/Data/Prefabs/Weapons/Sword_classic.prefab using Guid(88fd01d4692952748936a253853f456e) Importer(815301076,1909f56bfc062723c751e8b465ee728b)  -> (artifact id: '9701880fb458b74da9eeb64d613e48f7') in 0.035891 seconds
  Import took 0.041751 seconds .

========================================================================
Received Import Request.
  Time since last request: 27.369779 seconds.
  path: Assets/Scripts/DamageCollider.cs
  artifactKey: Guid(25655dbe6c29a1e4aaec7d2be564ab90) Importer(815301076,1909f56bfc062723c751e8b465ee728b)
Start importing Assets/Scripts/DamageCollider.cs using Guid(25655dbe6c29a1e4aaec7d2be564ab90) Importer(815301076,1909f56bfc062723c751e8b465ee728b)  -> (artifact id: '3e6ef63cfc0638c8bf4ec2bbcab2eabc') in 0.017317 seconds
  Import took 0.021430 seconds .

========================================================================
Received Prepare
Registering precompiled user dll's ...
Registered in 0.002281 seconds.
Begin MonoManager ReloadAssembly
Native extension for WindowsStandalone target not found
Refreshing native plugins compatible for Editor in 0.54 ms, found 0 plugins.
Preloading 0 native plugins for Editor in 0.00 ms.
Mono: successfully reloaded assembly
- Completed reload, in  1.248 seconds
Platform modules already initialized, skipping
Refreshing native plugins compatible for Editor in 1.05 ms, found 0 plugins.
Preloading 0 native plugins for Editor in 0.00 ms.
Unloading 1437 Unused Serialized files (Serialized files now loaded: 0)
System memory in use before: 74.2 MB.
System memory in use after: 74.3 MB.

Unloading 6 unused Assets to reduce memory usage. Loaded Objects now: 1967.
Total: 4.719400 ms (FindLiveObjects: 0.536800 ms CreateObjectMapping: 0.082100 ms MarkObjects: 3.935100 ms  DeleteObjects: 0.163400 ms)

========================================================================
Received Prepare
Registering precompiled user dll's ...
Registered in 0.001976 seconds.
Begin MonoManager ReloadAssembly
Native extension for WindowsStandalone target not found
Refreshing native plugins compatible for Editor in 0.72 ms, found 0 plugins.
Preloading 0 native plugins for Editor in 0.00 ms.
Mono: successfully reloaded assembly
- Completed reload, in  1.155 seconds
Platform modules already initialized, skipping
Refreshing native plugins compatible for Editor in 0.88 ms, found 0 plugins.
Preloading 0 native plugins for Editor in 0.00 ms.
Unloading 1437 Unused Serialized files (Serialized files now loaded: 0)
System memory in use before: 74.3 MB.
System memory in use after: 74.3 MB.

Unloading 6 unused Assets to reduce memory usage. Loaded Objects now: 1970.
Total: 3.450400 ms (FindLiveObjects: 0.327700 ms CreateObjectMapping: 0.063700 ms MarkObjects: 2.953800 ms  DeleteObjects: 0.102700 ms)

========================================================================
Received Import Request.
  Time since last request: 337.373397 seconds.
  path: ProjectSettings/TagManager.asset
  artifactKey: Guid(00000000000000003000000000000000) Importer(815301076,1909f56bfc062723c751e8b465ee728b)
Start importing ProjectSettings/TagManager.asset using Guid(00000000000000003000000000000000) Importer(815301076,1909f56bfc062723c751e8b465ee728b)  -> (artifact id: 'f0680538e3bf6205c8fcff5f1ca17e6d') in 0.032436 seconds
  Import took 0.036798 seconds .

========================================================================
Received Prepare
Registering precompiled user dll's ...
Registered in 0.002055 seconds.
Begin MonoManager ReloadAssembly
Native extension for WindowsStandalone target not found
Refreshing native plugins compatible for Editor in 0.56 ms, found 0 plugins.
Preloading 0 native plugins for Editor in 0.00 ms.
Mono: successfully reloaded assembly
- Completed reload, in  1.156 seconds
Platform modules already initialized, skipping
Refreshing native plugins compatible for Editor in 0.59 ms, found 0 plugins.
Preloading 0 native plugins for Editor in 0.00 ms.
Unloading 1437 Unused Serialized files (Serialized files now loaded: 0)
System memory in use before: 74.3 MB.
System memory in use after: 74.3 MB.

Unloading 7 unused Assets to reduce memory usage. Loaded Objects now: 1973.
Total: 3.989500 ms (FindLiveObjects: 0.583200 ms CreateObjectMapping: 0.132500 ms MarkObjects: 3.181000 ms  DeleteObjects: 0.089600 ms)

========================================================================
Received Prepare
Registering precompiled user dll's ...
Registered in 0.001822 seconds.
Begin MonoManager ReloadAssembly
Native extension for WindowsStandalone target not found
Refreshing native plugins compatible for Editor in 0.66 ms, found 0 plugins.
Preloading 0 native plugins for Editor in 0.00 ms.
Mono: successfully reloaded assembly
- Completed reload, in  1.118 seconds
Platform modules already initialized, skipping
Refreshing native plugins compatible for Editor in 0.62 ms, found 0 plugins.
Preloading 0 native plugins for Editor in 0.00 ms.
Unloading 1437 Unused Serialized files (Serialized files now loaded: 0)
System memory in use before: 74.3 MB.
System memory in use after: 74.3 MB.

Unloading 6 unused Assets to reduce memory usage. Loaded Objects now: 1976.
Total: 3.843400 ms (FindLiveObjects: 0.297600 ms CreateObjectMapping: 0.061200 ms MarkObjects: 3.371500 ms  DeleteObjects: 0.110500 ms)

========================================================================
Received Import Request.
  Time since last request: 796.365754 seconds.
  path: Assets/Scripts/EnemyStats.cs
  artifactKey: Guid(c929083b7371ca4478174ce6a7ee861a) Importer(815301076,1909f56bfc062723c751e8b465ee728b)
Start importing Assets/Scripts/EnemyStats.cs using Guid(c929083b7371ca4478174ce6a7ee861a) Importer(815301076,1909f56bfc062723c751e8b465ee728b)  -> (artifact id: '0617f870ccd37e742f3845c1f5fe98cf') in 0.023363 seconds
  Import took 0.028796 seconds .

========================================================================
Received Prepare
Registering precompiled user dll's ...
Registered in 0.002269 seconds.
Begin MonoManager ReloadAssembly
Native extension for WindowsStandalone target not found
Refreshing native plugins compatible for Editor in 0.89 ms, found 0 plugins.
Preloading 0 native plugins for Editor in 0.00 ms.
Mono: successfully reloaded assembly
- Completed reload, in  1.333 seconds
Platform modules already initialized, skipping
Refreshing native plugins compatible for Editor in 0.82 ms, found 0 plugins.
Preloading 0 native plugins for Editor in 0.00 ms.
Unloading 1438 Unused Serialized files (Serialized files now loaded: 0)
System memory in use before: 74.3 MB.
System memory in use after: 74.4 MB.

Unloading 6 unused Assets to reduce memory usage. Loaded Objects now: 1980.
Total: 3.563500 ms (FindLiveObjects: 0.447200 ms CreateObjectMapping: 0.068300 ms MarkObjects: 2.952700 ms  DeleteObjects: 0.092500 ms)

========================================================================
Received Prepare
Registering precompiled user dll's ...
Registered in 0.001877 seconds.
Begin MonoManager ReloadAssembly
Native extension for WindowsStandalone target not found
Refreshing native plugins compatible for Editor in 0.58 ms, found 0 plugins.
Preloading 0 native plugins for Editor in 0.00 ms.
Mono: successfully reloaded assembly
- Completed reload, in  1.217 seconds
Platform modules already initialized, skipping
Refreshing native plugins compatible for Editor in 0.64 ms, found 0 plugins.
Preloading 0 native plugins for Editor in 0.00 ms.
Unloading 1438 Unused Serialized files (Serialized files now loaded: 0)
System memory in use before: 74.3 MB.
System memory in use after: 74.4 MB.

Unloading 6 unused Assets to reduce memory usage. Loaded Objects now: 1983.
Total: 3.642300 ms (FindLiveObjects: 0.463600 ms CreateObjectMapping: 0.072900 ms MarkObjects: 3.019000 ms  DeleteObjects: 0.085200 ms)

========================================================================
Received Import Request.
  Time since last request: 209.143593 seconds.
  path: Assets/Scripts/EnemyStats.cs
  artifactKey: Guid(c929083b7371ca4478174ce6a7ee861a) Importer(815301076,1909f56bfc062723c751e8b465ee728b)
Start importing Assets/Scripts/EnemyStats.cs using Guid(c929083b7371ca4478174ce6a7ee861a) Importer(815301076,1909f56bfc062723c751e8b465ee728b)  -> (artifact id: '3226323bb05ceee45006a9b85495fad5') in 0.008201 seconds
  Import took 0.011745 seconds .

========================================================================
Received Prepare
Registering precompiled user dll's ...
Registered in 0.002104 seconds.
Begin MonoManager ReloadAssembly
Native extension for WindowsStandalone target not found
Refreshing native plugins compatible for Editor in 0.74 ms, found 0 plugins.
Preloading 0 native plugins for Editor in 0.00 ms.
Mono: successfully reloaded assembly
- Completed reload, in  1.206 seconds
Platform modules already initialized, skipping
Refreshing native plugins compatible for Editor in 0.88 ms, found 0 plugins.
Preloading 0 native plugins for Editor in 0.00 ms.
Unloading 1438 Unused Serialized files (Serialized files now loaded: 0)
System memory in use before: 74.3 MB.
System memory in use after: 74.4 MB.

Unloading 6 unused Assets to reduce memory usage. Loaded Objects now: 1986.
Total: 2.723100 ms (FindLiveObjects: 0.322900 ms CreateObjectMapping: 0.060000 ms MarkObjects: 2.271800 ms  DeleteObjects: 0.065900 ms)

========================================================================
Received Prepare
Registering precompiled user dll's ...
Registered in 0.002036 seconds.
Begin MonoManager ReloadAssembly
Native extension for WindowsStandalone target not found
Refreshing native plugins compatible for Editor in 0.69 ms, found 0 plugins.
Preloading 0 native plugins for Editor in 0.00 ms.
Mono: successfully reloaded assembly
- Completed reload, in  1.102 seconds
Platform modules already initialized, skipping
Refreshing native plugins compatible for Editor in 0.88 ms, found 0 plugins.
Preloading 0 native plugins for Editor in 0.00 ms.
Unloading 1438 Unused Serialized files (Serialized files now loaded: 0)
System memory in use before: 74.3 MB.
System memory in use after: 74.4 MB.

Unloading 6 unused Assets to reduce memory usage. Loaded Objects now: 1989.
Total: 4.884000 ms (FindLiveObjects: 0.361600 ms CreateObjectMapping: 0.070100 ms MarkObjects: 4.306600 ms  DeleteObjects: 0.143500 ms)

========================================================================
Received Prepare
Registering precompiled user dll's ...
Registered in 0.001580 seconds.
Begin MonoManager ReloadAssembly
Native extension for WindowsStandalone target not found
Refreshing native plugins compatible for Editor in 0.56 ms, found 0 plugins.
Preloading 0 native plugins for Editor in 0.00 ms.
Mono: successfully reloaded assembly
- Completed reload, in  1.197 seconds
Platform modules already initialized, skipping
Refreshing native plugins compatible for Editor in 0.64 ms, found 0 plugins.
Preloading 0 native plugins for Editor in 0.00 ms.
Unloading 1438 Unused Serialized files (Serialized files now loaded: 0)
System memory in use before: 74.3 MB.
System memory in use after: 74.4 MB.

Unloading 6 unused Assets to reduce memory usage. Loaded Objects now: 1992.
Total: 4.375600 ms (FindLiveObjects: 0.317000 ms CreateObjectMapping: 0.065700 ms MarkObjects: 3.799100 ms  DeleteObjects: 0.191700 ms)

========================================================================
Received Import Request.
  Time since last request: 398.720221 seconds.
  path: Assets/Models/Robot Kyle/Model/Animations/Humanoid.controller
  artifactKey: Guid(0d65310a6a6691b4bbe67fe2bd41c36a) Importer(815301076,1909f56bfc062723c751e8b465ee728b)
Start importing Assets/Models/Robot Kyle/Model/Animations/Humanoid.controller using Guid(0d65310a6a6691b4bbe67fe2bd41c36a) Importer(815301076,1909f56bfc062723c751e8b465ee728b)  -> (artifact id: 'a773174d6853ec4bc7fc85a721b82ac0') in 0.308925 seconds
  Import took 0.315011 seconds .

========================================================================
Received Prepare
Registering precompiled user dll's ...
Registered in 0.002131 seconds.
Begin MonoManager ReloadAssembly
Native extension for WindowsStandalone target not found
Refreshing native plugins compatible for Editor in 0.73 ms, found 0 plugins.
Preloading 0 native plugins for Editor in 0.00 ms.
Mono: successfully reloaded assembly
- Completed reload, in  1.163 seconds
Platform modules already initialized, skipping
Refreshing native plugins compatible for Editor in 0.84 ms, found 0 plugins.
Preloading 0 native plugins for Editor in 0.00 ms.
Unloading 1438 Unused Serialized files (Serialized files now loaded: 0)
System memory in use before: 74.3 MB.
System memory in use after: 74.4 MB.

Unloading 6 unused Assets to reduce memory usage. Loaded Objects now: 1995.
Total: 4.532900 ms (FindLiveObjects: 0.283600 ms CreateObjectMapping: 0.064000 ms MarkObjects: 4.049100 ms  DeleteObjects: 0.134700 ms)

========================================================================
Received Import Request.
  Time since last request: 44.455151 seconds.
  path: Assets/Models/LowPolyMan.fbx
  artifactKey: Guid(d1b83219d4cd80e44bbb629ba7009bed) Importer(815301076,1909f56bfc062723c751e8b465ee728b)
Start importing Assets/Models/LowPolyMan.fbx using Guid(d1b83219d4cd80e44bbb629ba7009bed) Importer(815301076,1909f56bfc062723c751e8b465ee728b)  -> (artifact id: '071f1d8dca347939bc33fbd002a2deae') in 0.393984 seconds
  Import took 0.400009 seconds .

========================================================================
Received Prepare
Registering precompiled user dll's ...
Registered in 0.002685 seconds.
Begin MonoManager ReloadAssembly
Native extension for WindowsStandalone target not found
Refreshing native plugins compatible for Editor in 0.56 ms, found 0 plugins.
Preloading 0 native plugins for Editor in 0.00 ms.
Mono: successfully reloaded assembly
- Completed reload, in  1.216 seconds
Platform modules already initialized, skipping
Refreshing native plugins compatible for Editor in 0.59 ms, found 0 plugins.
Preloading 0 native plugins for Editor in 0.00 ms.
Unloading 1438 Unused Serialized files (Serialized files now loaded: 0)
System memory in use before: 88.3 MB.
System memory in use after: 88.4 MB.

Unloading 6 unused Assets to reduce memory usage. Loaded Objects now: 2036.
Total: 2.950500 ms (FindLiveObjects: 0.347900 ms CreateObjectMapping: 0.067600 ms MarkObjects: 2.455700 ms  DeleteObjects: 0.077700 ms)

========================================================================
Received Prepare
Registering precompiled user dll's ...
Registered in 0.002386 seconds.
Begin MonoManager ReloadAssembly
Native extension for WindowsStandalone target not found
Refreshing native plugins compatible for Editor in 0.89 ms, found 0 plugins.
Preloading 0 native plugins for Editor in 0.00 ms.
Mono: successfully reloaded assembly
- Completed reload, in  1.226 seconds
Platform modules already initialized, skipping
Refreshing native plugins compatible for Editor in 0.78 ms, found 0 plugins.
Preloading 0 native plugins for Editor in 0.00 ms.
Unloading 1438 Unused Serialized files (Serialized files now loaded: 0)
System memory in use before: 88.3 MB.
System memory in use after: 88.4 MB.

Unloading 6 unused Assets to reduce memory usage. Loaded Objects now: 2039.
Total: 3.194700 ms (FindLiveObjects: 0.312200 ms CreateObjectMapping: 0.071100 ms MarkObjects: 2.689100 ms  DeleteObjects: 0.120200 ms)

AssetImportWorkerClient::OnTransportError - code=2 error=End of file
