Using pre-set license
Built from '2020.3/release' branch; Version is '2020.3.7f1 (dd97f2c94397) revision 14522354'; Using compiler version '192528614'; Build Type 'Release'
OS: 'Windows 10 Pro; OS build 19042.1052; Version 2009; 64bit' Language: 'en' Physical Memory: 32664 MB
BatchMode: 1, IsHumanControllingUs: 0, StartBugReporterOnCrash: 0, Is64bit: 1, IsPro: 0

 COMMAND LINE ARGUMENTS:
C:\Program Files\Unity\Hub\Editor\2020.3.7f1\Editor\Unity.exe
-adb2
-batchMode
-noUpm
-name
AssetImportWorker0
-projectPath
D:/Repository/GameDev/BaseBuildingRPG
-logFile
Logs/AssetImportWorker0.log
-srvPort
59971
Successfully changed project path to: D:/Repository/GameDev/BaseBuildingRPG
D:/Repository/GameDev/BaseBuildingRPG
Using Asset Import Pipeline V2.
Refreshing native plugins compatible for Editor in 184.14 ms, found 0 plugins.
Preloading 0 native plugins for Editor in 0.00 ms.
Initialize engine version: 2020.3.7f1 (dd97f2c94397)
[Subsystems] Discovering subsystems at path C:/Program Files/Unity/Hub/Editor/2020.3.7f1/Editor/Data/Resources/UnitySubsystems
[Subsystems] Discovering subsystems at path D:/Repository/GameDev/BaseBuildingRPG/Assets
GfxDevice: creating device client; threaded=0
Direct3D:
    Version:  Direct3D 11.0 [level 11.1]
    Renderer: NVIDIA GeForce RTX 2080 Ti (ID=0x1e07)
    Vendor:   
    VRAM:     11048 MB
    Driver:   27.21.14.6089
Shader 'Universal Render Pipeline/Particles/Lit': fallback shader 'Universal Render Pipeline/Particles/SimpleLit' not found
Shader 'Easy Build System/EasyBuildSystem_Transparent': fallback shader 'Transparent' not found
Initialize mono
Mono path[0] = 'C:/Program Files/Unity/Hub/Editor/2020.3.7f1/Editor/Data/Managed'
Mono path[1] = 'C:/Program Files/Unity/Hub/Editor/2020.3.7f1/Editor/Data/MonoBleedingEdge/lib/mono/unityjit'
Mono config path = 'C:/Program Files/Unity/Hub/Editor/2020.3.7f1/Editor/Data/MonoBleedingEdge/etc'
Using monoOptions --debugger-agent=transport=dt_socket,embedding=1,server=y,suspend=n,address=127.0.0.1:56456
Begin MonoManager ReloadAssembly
Registering precompiled unity dll's ...
Register platform support module: C:/Program Files/Unity/Hub/Editor/2020.3.7f1/Editor/Data/PlaybackEngines/WindowsStandaloneSupport/UnityEditor.WindowsStandalone.Extensions.dll
Registered in 0.002007 seconds.
Native extension for WindowsStandalone target not found
Refreshing native plugins compatible for Editor in 185.96 ms, found 0 plugins.
Preloading 0 native plugins for Editor in 0.00 ms.
Mono: successfully reloaded assembly
- Completed reload, in  1.207 seconds
Platform modules already initialized, skipping
Registering precompiled user dll's ...
Registered in 0.003362 seconds.
Begin MonoManager ReloadAssembly
Native extension for WindowsStandalone target not found
Refreshing native plugins compatible for Editor in 220.41 ms, found 0 plugins.
Preloading 0 native plugins for Editor in 0.00 ms.
Mono: successfully reloaded assembly
- Completed reload, in  1.616 seconds
Platform modules already initialized, skipping
========================================================================
Worker process is ready to serve import requests
Shader 'Easy Build System/EasyBuildSystem_Transparent': fallback shader 'Transparent' not found
Shader 'Universal Render Pipeline/Particles/Lit': fallback shader 'Universal Render Pipeline/Particles/SimpleLit' not found
Launched and connected shader compiler UnityShaderCompiler.exe after 0.05 seconds
Refreshing native plugins compatible for Editor in 2.53 ms, found 0 plugins.
Preloading 0 native plugins for Editor in 0.00 ms.
Unloading 3818 Unused Serialized files (Serialized files now loaded: 0)
System memory in use before: 264.9 MB.
System memory in use after: 265.0 MB.

Unloading 154 unused Assets to reduce memory usage. Loaded Objects now: 4265.
Total: 5.131300 ms (FindLiveObjects: 0.638700 ms CreateObjectMapping: 0.172700 ms MarkObjects: 3.670200 ms  DeleteObjects: 0.646900 ms)

========================================================================
Received Import Request.
  path: Assets/Art/Shader/Toon Shader.shadergraph
  artifactKey: Guid(a0312ec3b2cdb6143a6a5c5a28df1e75) Importer(815301076,1909f56bfc062723c751e8b465ee728b)
Start importing Assets/Art/Shader/Toon Shader.shadergraph using Guid(a0312ec3b2cdb6143a6a5c5a28df1e75) Importer(815301076,1909f56bfc062723c751e8b465ee728b)  -> (artifact id: 'c43f025b1cb12d59359b084fa7fdbf04') in 0.044336 seconds
  Import took 0.201082 seconds .

========================================================================
Received Import Request.
  Time since last request: 644.424903 seconds.
  path: Assets/Art/Shader/CustomLighting.hlsl
  artifactKey: Guid(7649d928194cb5e43a9217f626126011) Importer(815301076,1909f56bfc062723c751e8b465ee728b)
Start importing Assets/Art/Shader/CustomLighting.hlsl using Guid(7649d928194cb5e43a9217f626126011) Importer(815301076,1909f56bfc062723c751e8b465ee728b)  -> (artifact id: '7913c772f976e0281d9e29504dbad0c2') in 0.012261 seconds
  Import took 0.398392 seconds .

========================================================================
Received Import Request.
  Time since last request: 764.087868 seconds.
  path: Assets/Art/Shader/NewUnlitShader.shader
  artifactKey: Guid(4d95b08e8eae5ec45b784b3de7675293) Importer(815301076,1909f56bfc062723c751e8b465ee728b)
Start importing Assets/Art/Shader/NewUnlitShader.shader using Guid(4d95b08e8eae5ec45b784b3de7675293) Importer(815301076,1909f56bfc062723c751e8b465ee728b)  -> (artifact id: '51c2b21f0c022aabfd01f669c98aa149') in 0.011636 seconds
  Import took 0.035630 seconds .

========================================================================
Received Import Request.
  Time since last request: 57.391258 seconds.
  path: Assets/Art/Shader/Test.shader
  artifactKey: Guid(4d95b08e8eae5ec45b784b3de7675293) Importer(815301076,1909f56bfc062723c751e8b465ee728b)
Start importing Assets/Art/Shader/Test.shader using Guid(4d95b08e8eae5ec45b784b3de7675293) Importer(815301076,1909f56bfc062723c751e8b465ee728b)  -> (artifact id: '1a7521fac1fa88cb36a478300714b404') in 0.012111 seconds
  Import took 0.073208 seconds .

========================================================================
Received Import Request.
  Time since last request: 60.659929 seconds.
  path: Assets/Art/Shader/New Shader Graph.shadergraph
  artifactKey: Guid(ec7650f41e5260043afbdce4bb9e0cc3) Importer(815301076,1909f56bfc062723c751e8b465ee728b)
Start importing Assets/Art/Shader/New Shader Graph.shadergraph using Guid(ec7650f41e5260043afbdce4bb9e0cc3) Importer(815301076,1909f56bfc062723c751e8b465ee728b)  -> (artifact id: '3b821e467c064f00becf47c16ac7da05') in 0.010478 seconds
  Import took 0.162947 seconds .

========================================================================
Received Import Request.
  Time since last request: 40.767747 seconds.
  path: Assets/Art/Shader/Floor.shadergraph
  artifactKey: Guid(5202cc44369f0f64c95299ab0db50389) Importer(815301076,1909f56bfc062723c751e8b465ee728b)
Start importing Assets/Art/Shader/Floor.shadergraph using Guid(5202cc44369f0f64c95299ab0db50389) Importer(815301076,1909f56bfc062723c751e8b465ee728b)  -> (artifact id: '5e2bb47f862057430a3fd486dae043fe') in 0.009532 seconds
  Import took 0.189687 seconds .

========================================================================
Received Import Request.
  Time since last request: 26.776389 seconds.
  path: Assets/Art/Shader/Effect15 Custom.prefab
  artifactKey: Guid(9a68c593c04bde34c8e554471b972f3e) Importer(815301076,1909f56bfc062723c751e8b465ee728b)
Start importing Assets/Art/Shader/Effect15 Custom.prefab using Guid(9a68c593c04bde34c8e554471b972f3e) Importer(815301076,1909f56bfc062723c751e8b465ee728b)  -> (artifact id: 'f2b12ddc3f60a005538d34ff8ed05615') in 0.027652 seconds
  Import took 0.215477 seconds .

========================================================================
Received Import Request.
  Time since last request: 7803.092282 seconds.
  path: Assets/BrokenVector
  artifactKey: Guid(3b454a8c36ff7b64e81babf9a775e1ba) Importer(815301076,1909f56bfc062723c751e8b465ee728b)
Start importing Assets/BrokenVector using Guid(3b454a8c36ff7b64e81babf9a775e1ba) Importer(815301076,1909f56bfc062723c751e8b465ee728b)  -> (artifact id: '7ae0005cc1471345b7a464099e107a8f') in 0.009312 seconds
  Import took 0.102496 seconds .

========================================================================
Received Import Request.
  Time since last request: 6.646281 seconds.
  path: Assets/Polybrush Data
  artifactKey: Guid(3cd2d0c8ac51d174395ed5d406433631) Importer(815301076,1909f56bfc062723c751e8b465ee728b)
Start importing Assets/Polybrush Data using Guid(3cd2d0c8ac51d174395ed5d406433631) Importer(815301076,1909f56bfc062723c751e8b465ee728b)  -> (artifact id: 'bc85a9e73a4898fc8abeb4b19906eaa7') in 0.008178 seconds
  Import took 0.089293 seconds .

========================================================================
Received Import Request.
  Time since last request: 4.718441 seconds.
  path: Assets/Purchased/BrokenVector/LowPolyShaders
  artifactKey: Guid(1dc5c0a8aa84b934d89ea4645f412628) Importer(815301076,1909f56bfc062723c751e8b465ee728b)
Start importing Assets/Purchased/BrokenVector/LowPolyShaders using Guid(1dc5c0a8aa84b934d89ea4645f412628) Importer(815301076,1909f56bfc062723c751e8b465ee728b)  -> (artifact id: 'fcb42da7a904b0cc32db35f0a76e98a7') in 0.007967 seconds
  Import took 0.035095 seconds .

========================================================================
Received Import Request.
  Time since last request: 1.157913 seconds.
  path: Assets/Purchased/BrokenVector/LowPolyShaders/Example
  artifactKey: Guid(8be0c98d08206d04a8765d8797411f71) Importer(815301076,1909f56bfc062723c751e8b465ee728b)
Start importing Assets/Purchased/BrokenVector/LowPolyShaders/Example using Guid(8be0c98d08206d04a8765d8797411f71) Importer(815301076,1909f56bfc062723c751e8b465ee728b)  -> (artifact id: '81fb5e743473eee7b1ff04541ad34246') in 0.008436 seconds
  Import took 0.056960 seconds .

========================================================================
Received Import Request.
  Time since last request: 2.815549 seconds.
  path: Assets/Purchased/BrokenVector/LowPolyShaders/Example/Textures
  artifactKey: Guid(049a7c71c8de37b4e8912a5597f65597) Importer(815301076,1909f56bfc062723c751e8b465ee728b)
Start importing Assets/Purchased/BrokenVector/LowPolyShaders/Example/Textures using Guid(049a7c71c8de37b4e8912a5597f65597) Importer(815301076,1909f56bfc062723c751e8b465ee728b)  -> (artifact id: 'd76c1bd66895af2c64832b61108257a7') in 0.008396 seconds
  Import took 0.055768 seconds .

========================================================================
Received Import Request.
  Time since last request: 1.964253 seconds.
  path: Assets/Purchased/BrokenVector/LowPolyShaders/Example/Models
  artifactKey: Guid(ee74dbeb5b3e6154aadfe076e15ff3a5) Importer(815301076,1909f56bfc062723c751e8b465ee728b)
Start importing Assets/Purchased/BrokenVector/LowPolyShaders/Example/Models using Guid(ee74dbeb5b3e6154aadfe076e15ff3a5) Importer(815301076,1909f56bfc062723c751e8b465ee728b)  -> (artifact id: '66809f13ff5238a7429366f800601b0f') in 0.007201 seconds
  Import took 0.033999 seconds .

========================================================================
Received Import Request.
  Time since last request: 2.033919 seconds.
  path: Assets/Purchased/BrokenVector/LowPolyShaders/Example/Materials
  artifactKey: Guid(d44e36967b00dc34e909f3f380721290) Importer(815301076,1909f56bfc062723c751e8b465ee728b)
Start importing Assets/Purchased/BrokenVector/LowPolyShaders/Example/Materials using Guid(d44e36967b00dc34e909f3f380721290) Importer(815301076,1909f56bfc062723c751e8b465ee728b)  -> (artifact id: 'f4c4ab23a2584d5b2627d041b2896e65') in 0.008214 seconds
  Import took 0.041592 seconds .

========================================================================
Received Import Request.
  Time since last request: 4.647736 seconds.
  path: Assets/Purchased/BrokenVector/LowPolyShaders/Shaders
  artifactKey: Guid(c974b64d7c13bed4fbd751f45eb80582) Importer(815301076,1909f56bfc062723c751e8b465ee728b)
Start importing Assets/Purchased/BrokenVector/LowPolyShaders/Shaders using Guid(c974b64d7c13bed4fbd751f45eb80582) Importer(815301076,1909f56bfc062723c751e8b465ee728b)  -> (artifact id: 'b4801ea9ff9eed74260527cad34ab6c7') in 0.009560 seconds
  Import took 0.201270 seconds .

========================================================================
Received Import Request.
  Time since last request: 0.851099 seconds.
  path: Assets/Purchased/BrokenVector/LowPolyShaders/Shaders/LowPolyPBRShader.shader
  artifactKey: Guid(a97e290cd0cec1a4cb176e474e69c1dc) Importer(815301076,1909f56bfc062723c751e8b465ee728b)
Start importing Assets/Purchased/BrokenVector/LowPolyShaders/Shaders/LowPolyPBRShader.shader using Guid(a97e290cd0cec1a4cb176e474e69c1dc) Importer(815301076,1909f56bfc062723c751e8b465ee728b)  -> (artifact id: '9a826f308c0c4f48785fbb2bb353e736') in 0.017885 seconds
  Import took 0.080210 seconds .

========================================================================
Received Import Request.
  Time since last request: 2.160942 seconds.
  path: Assets/Purchased/BrokenVector/LowPolyShaders/Shaders/LowPolyUnlitShader.shader
  artifactKey: Guid(098d4ffc7d7b82d4db28426a03a46477) Importer(815301076,1909f56bfc062723c751e8b465ee728b)
Start importing Assets/Purchased/BrokenVector/LowPolyShaders/Shaders/LowPolyUnlitShader.shader using Guid(098d4ffc7d7b82d4db28426a03a46477) Importer(815301076,1909f56bfc062723c751e8b465ee728b)  -> (artifact id: '73b567b5b8b0220848ca5ced691f35dd') in 0.009964 seconds
  Import took 0.036363 seconds .

========================================================================
Received Import Request.
  Time since last request: 0.004632 seconds.
  path: Assets/Purchased/BrokenVector/LowPolyShaders/Shaders/LowPolyUnlitShader.shader
  artifactKey: Guid(098d4ffc7d7b82d4db28426a03a46477) Importer(815301076,1909f56bfc062723c751e8b465ee728b)
Start importing Assets/Purchased/BrokenVector/LowPolyShaders/Shaders/LowPolyUnlitShader.shader using Guid(098d4ffc7d7b82d4db28426a03a46477) Importer(815301076,1909f56bfc062723c751e8b465ee728b)  -> (artifact id: '73b567b5b8b0220848ca5ced691f35dd') in 0.003834 seconds
  Import took 0.010384 seconds .

========================================================================
Received Import Request.
  Time since last request: 34.858087 seconds.
  path: Assets/Purchased/KriptoFX/MeshEffect/Materials/Effect10/DistortionMesh_MeshEffect.mat
  artifactKey: Guid(4ceb6068f99cd1246bd7d6feec2a93ac) Importer(815301076,1909f56bfc062723c751e8b465ee728b)
Start importing Assets/Purchased/KriptoFX/MeshEffect/Materials/Effect10/DistortionMesh_MeshEffect.mat using Guid(4ceb6068f99cd1246bd7d6feec2a93ac) Importer(815301076,1909f56bfc062723c751e8b465ee728b)  -> (artifact id: 'e30e2268d5fdb4f1e4e3851ed0a35ac7') in 0.411318 seconds
  Import took 0.433209 seconds .

========================================================================
Received Import Request.
  Time since last request: 0.000258 seconds.
  path: Assets/Purchased/KriptoFX/MeshEffect/Materials/Effect19/Drops.mat
  artifactKey: Guid(0a2fe74a850a1d4418668f2053762e44) Importer(815301076,1909f56bfc062723c751e8b465ee728b)
Start importing Assets/Purchased/KriptoFX/MeshEffect/Materials/Effect19/Drops.mat using Guid(0a2fe74a850a1d4418668f2053762e44) Importer(815301076,1909f56bfc062723c751e8b465ee728b)  -> (artifact id: 'f43d8bbc1feba6946dfdddbd5b0a2f87') in 0.062945 seconds
  Import took 0.095769 seconds .

========================================================================
Received Import Request.
  Time since last request: 0.000277 seconds.
  path: Assets/Purchased/KriptoFX/MeshEffect/Materials/Effect17/DropsBlot.mat
  artifactKey: Guid(374cffd5a788b4f4f8b66e7ae146bf74) Importer(815301076,1909f56bfc062723c751e8b465ee728b)
Start importing Assets/Purchased/KriptoFX/MeshEffect/Materials/Effect17/DropsBlot.mat using Guid(374cffd5a788b4f4f8b66e7ae146bf74) Importer(815301076,1909f56bfc062723c751e8b465ee728b)  -> (artifact id: '6ee931c766ed1079c9dbb1fa256e3886') in 0.032004 seconds
  Import took 0.047162 seconds .

========================================================================
Received Import Request.
  Time since last request: 0.000272 seconds.
  path: Assets/Purchased/KriptoFX/MeshEffect/Materials/Effect6/DistortionMesh_MeshEffect.mat
  artifactKey: Guid(1fd5a4c57efcbd14db1c8f313d99653a) Importer(815301076,1909f56bfc062723c751e8b465ee728b)
Start importing Assets/Purchased/KriptoFX/MeshEffect/Materials/Effect6/DistortionMesh_MeshEffect.mat using Guid(1fd5a4c57efcbd14db1c8f313d99653a) Importer(815301076,1909f56bfc062723c751e8b465ee728b)  -> (artifact id: '2a6746cdaa1fb7b06ddc98fc646d7eef') in 0.024077 seconds
  Import took 0.072964 seconds .

========================================================================
Received Import Request.
  Time since last request: 0.000289 seconds.
  path: Assets/Purchased/PolygonDungeonRealms/Models/Materials/Dungeons_2_Texture_02_A.mat
  artifactKey: Guid(3d1f2cb2cc293924bb93362eb782f145) Importer(815301076,1909f56bfc062723c751e8b465ee728b)
Start importing Assets/Purchased/PolygonDungeonRealms/Models/Materials/Dungeons_2_Texture_02_A.mat using Guid(3d1f2cb2cc293924bb93362eb782f145) Importer(815301076,1909f56bfc062723c751e8b465ee728b)  -> (artifact id: '2221059922c7956b8a3d1c9001c0449e') in 0.232142 seconds
  Import took 0.280577 seconds .

========================================================================
Received Import Request.
  Time since last request: 0.000264 seconds.
  path: Assets/Purchased/KriptoFX/MeshEffect/Materials/Effect10/DistortionMesh_MeshEffect.mat
  artifactKey: Guid(4ceb6068f99cd1246bd7d6feec2a93ac) Importer(815301076,1909f56bfc062723c751e8b465ee728b)
Start importing Assets/Purchased/KriptoFX/MeshEffect/Materials/Effect10/DistortionMesh_MeshEffect.mat using Guid(4ceb6068f99cd1246bd7d6feec2a93ac) Importer(815301076,1909f56bfc062723c751e8b465ee728b)  -> (artifact id: 'e30e2268d5fdb4f1e4e3851ed0a35ac7') in 0.018054 seconds
  Import took 0.024199 seconds .

========================================================================
Received Import Request.
  Time since last request: 0.000293 seconds.
  path: Assets/Purchased/KriptoFX/MeshEffect/DemoResources/CharacterResources/Materials/Dress.mat
  artifactKey: Guid(294061d345ef7724d87dbe3962e90273) Importer(815301076,1909f56bfc062723c751e8b465ee728b)
Start importing Assets/Purchased/KriptoFX/MeshEffect/DemoResources/CharacterResources/Materials/Dress.mat using Guid(294061d345ef7724d87dbe3962e90273) Importer(815301076,1909f56bfc062723c751e8b465ee728b)  -> (artifact id: '4c2e9ea83b57c6681822807f98f9e802') in 0.268686 seconds
  Import took 0.288717 seconds .

========================================================================
Received Import Request.
  Time since last request: 0.000296 seconds.
  path: Assets/Purchased/KriptoFX/MeshEffect/DemoResources/CharacterResources/Materials/Dragonblade.mat
  artifactKey: Guid(ade0b5c941eda1841b593cea4a8c366d) Importer(815301076,1909f56bfc062723c751e8b465ee728b)
Start importing Assets/Purchased/KriptoFX/MeshEffect/DemoResources/CharacterResources/Materials/Dragonblade.mat using Guid(ade0b5c941eda1841b593cea4a8c366d) Importer(815301076,1909f56bfc062723c751e8b465ee728b)  -> (artifact id: 'c29a11fb1e9e6a077e89d085ea640779') in 0.254278 seconds
  Import took 0.278948 seconds .

========================================================================
Received Import Request.
  Time since last request: 0.000283 seconds.
  path: Assets/Purchased/PolygonDungeonRealms/Models/Materials/Dungeons_2_Texture_01_A.mat
  artifactKey: Guid(c13cc2d918612d94c95bb7902fc1c46c) Importer(815301076,1909f56bfc062723c751e8b465ee728b)
Start importing Assets/Purchased/PolygonDungeonRealms/Models/Materials/Dungeons_2_Texture_01_A.mat using Guid(c13cc2d918612d94c95bb7902fc1c46c) Importer(815301076,1909f56bfc062723c751e8b465ee728b)  -> (artifact id: '5be688e7c0cd312b80435e4f45d0b943') in 0.013765 seconds
  Import took 0.071028 seconds .

========================================================================
Received Import Request.
  Time since last request: 0.000267 seconds.
  path: Assets/Purchased/Hovl Studio/RPG VFX Bundle/Materials/DragonHead1ts.mat
  artifactKey: Guid(dd19e1cff6a8f1a448924a373d58c797) Importer(815301076,1909f56bfc062723c751e8b465ee728b)
Start importing Assets/Purchased/Hovl Studio/RPG VFX Bundle/Materials/DragonHead1ts.mat using Guid(dd19e1cff6a8f1a448924a373d58c797) Importer(815301076,1909f56bfc062723c751e8b465ee728b)  -> (artifact id: '4681cad132945618d9d7074646300afe') in 0.017437 seconds
  Import took 0.033751 seconds .

========================================================================
Received Import Request.
  Time since last request: 0.000298 seconds.
  path: Assets/Art/Weapons/Modular/Sword_Medium_08_Hilt.fbx
  artifactKey: Guid(624d83ea54f3d284682d02338466cae3) Importer(815301076,1909f56bfc062723c751e8b465ee728b)
Start importing Assets/Art/Weapons/Modular/Sword_Medium_08_Hilt.fbx using Guid(624d83ea54f3d284682d02338466cae3) Importer(815301076,1909f56bfc062723c751e8b465ee728b)  -> (artifact id: '1de1cc340198aa17c86d48b0edbc01ef') in 0.105443 seconds
  Import took 0.130052 seconds .

========================================================================
Received Import Request.
  Time since last request: 0.000249 seconds.
  path: Assets/Art/Weapons/Modular/Sword_Medium_03_Hilt.fbx
  artifactKey: Guid(d7accf8f75d0c1e4db45af5d5d422062) Importer(815301076,1909f56bfc062723c751e8b465ee728b)
Start importing Assets/Art/Weapons/Modular/Sword_Medium_03_Hilt.fbx using Guid(d7accf8f75d0c1e4db45af5d5d422062) Importer(815301076,1909f56bfc062723c751e8b465ee728b)  -> (artifact id: '2b31392fb2dd72a41fc1b791623f6bf8') in 0.057716 seconds
  Import took 0.077373 seconds .

========================================================================
Received Import Request.
  Time since last request: 0.000253 seconds.
  path: Assets/Art/Weapons/Modular/Sword_Medium_09_Hilt.fbx
  artifactKey: Guid(6521695cc98cda649b7c056f8a58e893) Importer(815301076,1909f56bfc062723c751e8b465ee728b)
Start importing Assets/Art/Weapons/Modular/Sword_Medium_09_Hilt.fbx using Guid(6521695cc98cda649b7c056f8a58e893) Importer(815301076,1909f56bfc062723c751e8b465ee728b)  -> (artifact id: '8c10b7517657bc47b8ea1cdd20ca232b') in 0.063937 seconds
  Import took 0.074378 seconds .

========================================================================
Received Import Request.
  Time since last request: 0.000288 seconds.
  path: Assets/Purchased/KriptoFX/MeshEffect/Materials/Effect17/Drops.mat
  artifactKey: Guid(c3b7d0d215764854599acfa82fe08313) Importer(815301076,1909f56bfc062723c751e8b465ee728b)
Start importing Assets/Purchased/KriptoFX/MeshEffect/Materials/Effect17/Drops.mat using Guid(c3b7d0d215764854599acfa82fe08313) Importer(815301076,1909f56bfc062723c751e8b465ee728b)  -> (artifact id: 'b45d9fb2265ee58f0a1e83700e64635b') in 0.052918 seconds
  Import took 0.086665 seconds .

========================================================================
Received Import Request.
  Time since last request: 26.123315 seconds.
  path: Assets/Purchased/BrokenVector/LowPolyShaders/Readme.pdf
  artifactKey: Guid(f7e4637efc8d64647afe15c98f0f182f) Importer(815301076,1909f56bfc062723c751e8b465ee728b)
Start importing Assets/Purchased/BrokenVector/LowPolyShaders/Readme.pdf using Guid(f7e4637efc8d64647afe15c98f0f182f) Importer(815301076,1909f56bfc062723c751e8b465ee728b)  -> (artifact id: '267156432d43fbd1540a9ef73707ff69') in 0.017977 seconds
  Import took 0.105334 seconds .

========================================================================
Received Import Request.
  Time since last request: 33.015728 seconds.
  path: Assets/Purchased/BrokenVector/LowPolyShaders/Example/Example.unity
  artifactKey: Guid(69a09641ad241c246937e6f40b835779) Importer(815301076,1909f56bfc062723c751e8b465ee728b)
Start importing Assets/Purchased/BrokenVector/LowPolyShaders/Example/Example.unity using Guid(69a09641ad241c246937e6f40b835779) Importer(815301076,1909f56bfc062723c751e8b465ee728b)  -> (artifact id: '35a99855189417cf2331e74232d67734') in 0.008520 seconds
  Import took 0.035589 seconds .

========================================================================
Received Import Request.
  Time since last request: 12.200352 seconds.
  path: Assets/Purchased/BrokenVector/LowPolyShaders/Example/Models/Axe_1.dae
  artifactKey: Guid(54fbce58060ea7143a49de28a698b266) Importer(815301076,1909f56bfc062723c751e8b465ee728b)
Start importing Assets/Purchased/BrokenVector/LowPolyShaders/Example/Models/Axe_1.dae using Guid(54fbce58060ea7143a49de28a698b266) Importer(815301076,1909f56bfc062723c751e8b465ee728b)  -> (artifact id: '227f93df0c345f1635931de963afd848') in 0.026232 seconds
  Import took 0.084363 seconds .

========================================================================
Received Import Request.
  Time since last request: 54.728318 seconds.
  path: Assets/Purchased/BrokenVector/LowPolyShaders/Example/ExampleSettings.lighting
  artifactKey: Guid(8cd00bae64e565749bb1bacadc924d21) Importer(815301076,1909f56bfc062723c751e8b465ee728b)
Start importing Assets/Purchased/BrokenVector/LowPolyShaders/Example/ExampleSettings.lighting using Guid(8cd00bae64e565749bb1bacadc924d21) Importer(815301076,1909f56bfc062723c751e8b465ee728b) LightingSettings: switching bake backend from 1 to 0.
 -> (artifact id: '9bc64547d967089461b43201b8c3eb88') in 0.009093 seconds
  Import took 0.057348 seconds .

========================================================================
Received Import Request.
  Time since last request: 4.765981 seconds.
  path: Assets/Purchased/BrokenVector/LowPolyShaders/Example/Textures/Colorscheme_Red.png
  artifactKey: Guid(b2ff0375321cc884c88608315d0562bc) Importer(815301076,1909f56bfc062723c751e8b465ee728b)
Start importing Assets/Purchased/BrokenVector/LowPolyShaders/Example/Textures/Colorscheme_Red.png using Guid(b2ff0375321cc884c88608315d0562bc) Importer(815301076,1909f56bfc062723c751e8b465ee728b)  -> (artifact id: '232dbe4f3b99c0a8722eb822a7ebacce') in 0.038859 seconds
  Import took 0.092874 seconds .

========================================================================
Received Import Request.
  Time since last request: 48.601785 seconds.
  path: Assets/Scenes/SampleScene.unity
  artifactKey: Guid(9fc0d4010bbf28b4594072e72b8655ab) Importer(815301076,1909f56bfc062723c751e8b465ee728b)
Start importing Assets/Scenes/SampleScene.unity using Guid(9fc0d4010bbf28b4594072e72b8655ab) Importer(815301076,1909f56bfc062723c751e8b465ee728b)  -> (artifact id: 'a8112fae5d57d8993aa11f314b997409') in 0.008031 seconds
  Import took 0.044489 seconds .

========================================================================
Received Import Request.
  Time since last request: 636.875049 seconds.
  path: Assets/Purchased/PolygonSamurai/Materials
  artifactKey: Guid(c6ded36a6b3ea844bba3f56eb3ea3e8d) Importer(815301076,1909f56bfc062723c751e8b465ee728b)
Start importing Assets/Purchased/PolygonSamurai/Materials using Guid(c6ded36a6b3ea844bba3f56eb3ea3e8d) Importer(815301076,1909f56bfc062723c751e8b465ee728b)  -> (artifact id: '8ddf02f0cb1173d9b5c523ce2bc7af0d') in 0.040487 seconds
  Import took 0.100959 seconds .

========================================================================
Received Import Request.
  Time since last request: 71.135860 seconds.
  path: Assets/Purchased/PolygonFantasyRivals/Materials/Misc
  artifactKey: Guid(5cf25b168828e3d49957994c05a7b521) Importer(815301076,1909f56bfc062723c751e8b465ee728b)
Start importing Assets/Purchased/PolygonFantasyRivals/Materials/Misc using Guid(5cf25b168828e3d49957994c05a7b521) Importer(815301076,1909f56bfc062723c751e8b465ee728b)  -> (artifact id: '63cb552ef8ec19ff3575f0c5daad6661') in 0.007843 seconds
  Import took 0.628261 seconds .

========================================================================
Received Import Request.
  Time since last request: 1.153156 seconds.
  path: Assets/Purchased/PolygonFantasyRivals/Materials/Alts
  artifactKey: Guid(7d276f094f02f3845a32a848abecca4d) Importer(815301076,1909f56bfc062723c751e8b465ee728b)
Start importing Assets/Purchased/PolygonFantasyRivals/Materials/Alts using Guid(7d276f094f02f3845a32a848abecca4d) Importer(815301076,1909f56bfc062723c751e8b465ee728b)  -> (artifact id: '63bbfa826951af13e5e78d29ea9e7989') in 0.007816 seconds
  Import took 0.014112 seconds .

========================================================================
Received Import Request.
  Time since last request: 1913.119430 seconds.
  path: Assets/Art/Weapons/Custom
  artifactKey: Guid(554f7573f87f77f4da3c7045fe2063c0) Importer(815301076,1909f56bfc062723c751e8b465ee728b)
Start importing Assets/Art/Weapons/Custom using Guid(554f7573f87f77f4da3c7045fe2063c0) Importer(815301076,1909f56bfc062723c751e8b465ee728b)  -> (artifact id: '0e114b147c74347bcd44f118011aae33') in 0.007093 seconds
  Import took 0.041274 seconds .

========================================================================
Received Import Request.
  Time since last request: 49.990380 seconds.
  path: Assets/Art/Weapons/Custom/Materials
  artifactKey: Guid(0cd226c91e9f63a4791f459a27e76316) Importer(815301076,1909f56bfc062723c751e8b465ee728b)
Start importing Assets/Art/Weapons/Custom/Materials using Guid(0cd226c91e9f63a4791f459a27e76316) Importer(815301076,1909f56bfc062723c751e8b465ee728b)  -> (artifact id: '3a279485d6bfbe7b0d6c78842dea53ea') in 0.006980 seconds
  Import took 0.403881 seconds .

========================================================================
Received Import Request.
  Time since last request: 27.052646 seconds.
  path: Assets/Art/Weapons/Custom/Sword Base Color.png
  artifactKey: Guid(acff4e3192d54374eb2ff0e8ab883675) Importer(815301076,1909f56bfc062723c751e8b465ee728b)
Start importing Assets/Art/Weapons/Custom/Sword Base Color.png using Guid(acff4e3192d54374eb2ff0e8ab883675) Importer(815301076,1909f56bfc062723c751e8b465ee728b)  -> (artifact id: '468e94ee345e576d7c8a0a5bca7d6765') in 0.017407 seconds
  Import took 0.023713 seconds .

========================================================================
Received Import Request.
  Time since last request: 6.733043 seconds.
  path: Assets/Art/Weapons/Custom/Swords.fbx
  artifactKey: Guid(d81b4d15109f52e4e8b2485de85ae9fd) Importer(815301076,1909f56bfc062723c751e8b465ee728b)
Start importing Assets/Art/Weapons/Custom/Swords.fbx using Guid(d81b4d15109f52e4e8b2485de85ae9fd) Importer(815301076,1909f56bfc062723c751e8b465ee728b)  -> (artifact id: '8f967b5d2025aa63442e55eecf52acf0') in 0.025698 seconds
  Import took 0.063039 seconds .

========================================================================
Received Import Request.
  Time since last request: 674.576135 seconds.
  path: Assets/Models/FX/Cartoon FX/Materials/Light/CFX4_AuraBubble ADD.mat
  artifactKey: Guid(b701c416ffd5db94eab6dbfe25b8247e) Importer(815301076,1909f56bfc062723c751e8b465ee728b)
Start importing Assets/Models/FX/Cartoon FX/Materials/Light/CFX4_AuraBubble ADD.mat using Guid(b701c416ffd5db94eab6dbfe25b8247e) Importer(815301076,1909f56bfc062723c751e8b465ee728b)  -> (artifact id: '673b079e410f19a82b1b0c77c6b5b68d') in 0.017009 seconds
  Import took 0.046029 seconds .

========================================================================
Received Prepare
Registering precompiled user dll's ...
Registered in 0.003048 seconds.
Begin MonoManager ReloadAssembly
Native extension for WindowsStandalone target not found
Refreshing native plugins compatible for Editor in 1.88 ms, found 0 plugins.
Preloading 0 native plugins for Editor in 0.00 ms.
Warning: Annotation not found!
UnityEngine.StackTraceUtility:ExtractStackTrace ()
UnityEditor.ProBuilder.EditorUtility:SetGizmoIconEnabled (System.Type,bool) (at Library/PackageCache/com.unity.probuilder@4.5.0/Editor/EditorCore/EditorUtility.cs:593)
UnityEditor.ProBuilder.HierarchyListener:.cctor () (at Library/PackageCache/com.unity.probuilder@4.5.0/Editor/EditorCore/HierarchyListener.cs:21)
System.Runtime.CompilerServices.RuntimeHelpers:RunClassConstructor (System.RuntimeTypeHandle)
UnityEditor.EditorAssemblies:ProcessInitializeOnLoadAttributes (System.Type[])

[Library/PackageCache/com.unity.probuilder@4.5.0/Editor/EditorCore/EditorUtility.cs line 593]

Mono: successfully reloaded assembly
- Completed reload, in  1.214 seconds
Platform modules already initialized, skipping
Shader 'Easy Build System/EasyBuildSystem_Transparent': fallback shader 'Transparent' not found
Shader 'Universal Render Pipeline/Particles/Lit': fallback shader 'Universal Render Pipeline/Particles/SimpleLit' not found
Refreshing native plugins compatible for Editor in 1.76 ms, found 0 plugins.
Preloading 0 native plugins for Editor in 0.00 ms.
Unloading 3598 Unused Serialized files (Serialized files now loaded: 0)
System memory in use before: 252.3 MB.
System memory in use after: 252.5 MB.

Unloading 14 unused Assets to reduce memory usage. Loaded Objects now: 4352.
Total: 3.667700 ms (FindLiveObjects: 0.412800 ms CreateObjectMapping: 0.110900 ms MarkObjects: 2.988600 ms  DeleteObjects: 0.153800 ms)

========================================================================
Received Import Request.
  Time since last request: 332.876062 seconds.
  path: Assets/Data/Prefabs/Shaders/Characters_Texture_Black (5).png
  artifactKey: Guid(914f62d3b022dad4f9aad6b937580504) Importer(815301076,1909f56bfc062723c751e8b465ee728b)
Start importing Assets/Data/Prefabs/Shaders/Characters_Texture_Black (5).png using Guid(914f62d3b022dad4f9aad6b937580504) Importer(815301076,1909f56bfc062723c751e8b465ee728b)  -> (artifact id: 'e09485be3f48a3f7a40c8c965bc837f2') in 0.155172 seconds
  Import took 0.178469 seconds .

========================================================================
Received Import Request.
  Time since last request: 0.000563 seconds.
  path: Assets/Data/Prefabs/Shaders/Characters_Texture_Black (5).png
  artifactKey: Guid(914f62d3b022dad4f9aad6b937580504) Importer(815301076,1909f56bfc062723c751e8b465ee728b)
Start importing Assets/Data/Prefabs/Shaders/Characters_Texture_Black (5).png using Guid(914f62d3b022dad4f9aad6b937580504) Importer(815301076,1909f56bfc062723c751e8b465ee728b)  -> (artifact id: 'e09485be3f48a3f7a40c8c965bc837f2') in 0.007542 seconds
  Import took 0.013962 seconds .

========================================================================
Received Import Request.
  Time since last request: 113.010463 seconds.
  path: Assets/Purchased/PolygonDungeonRealms/Prefabs/Buildings/SM_Bld_Camp_Tent_Cover_Top_01.prefab
  artifactKey: Guid(2bc9a376d74551e4ebfe34bba4fc9e75) Importer(815301076,1909f56bfc062723c751e8b465ee728b)
Start importing Assets/Purchased/PolygonDungeonRealms/Prefabs/Buildings/SM_Bld_Camp_Tent_Cover_Top_01.prefab using Guid(2bc9a376d74551e4ebfe34bba4fc9e75) Importer(815301076,1909f56bfc062723c751e8b465ee728b)  -> (artifact id: 'f489daaff0efabc929ece134784182ac') in 0.310681 seconds
  Import took 0.329837 seconds .

========================================================================
Received Import Request.
  Time since last request: 9.383652 seconds.
  path: Assets/Purchased/PolygonDungeonRealms/Prefabs/Buildings/SM_Bld_Ruin_Tower_Round_Broken_01.prefab
  artifactKey: Guid(f634f65ac7090b044852afe88193e876) Importer(815301076,1909f56bfc062723c751e8b465ee728b)
Start importing Assets/Purchased/PolygonDungeonRealms/Prefabs/Buildings/SM_Bld_Ruin_Tower_Round_Broken_01.prefab using Guid(f634f65ac7090b044852afe88193e876) Importer(815301076,1909f56bfc062723c751e8b465ee728b)  -> (artifact id: 'e0e3a566026318f8109cbb3ad818408f') in 0.145112 seconds
  Import took 0.201623 seconds .

========================================================================
Received Import Request.
  Time since last request: 1.835623 seconds.
  path: Assets/Purchased/PolygonDungeonRealms/Prefabs/Buildings/SM_Bld_Ruin_Tower_Small_01.prefab
  artifactKey: Guid(a1b9f3bf03a5a174ab0131c6dae3172f) Importer(815301076,1909f56bfc062723c751e8b465ee728b)
Start importing Assets/Purchased/PolygonDungeonRealms/Prefabs/Buildings/SM_Bld_Ruin_Tower_Small_01.prefab using Guid(a1b9f3bf03a5a174ab0131c6dae3172f) Importer(815301076,1909f56bfc062723c751e8b465ee728b)  -> (artifact id: 'c7fc4b29732dbce9e87442dfdd5279b1') in 0.060064 seconds
  Import took 0.105734 seconds .

========================================================================
Received Import Request.
  Time since last request: 0.423431 seconds.
  path: Assets/Purchased/PolygonDungeonRealms/Prefabs/Buildings/SM_Bld_Ruin_Tower_Round_Tall_01.prefab
  artifactKey: Guid(b5bfebc88e4f8ff468baabf93fb122dd) Importer(815301076,1909f56bfc062723c751e8b465ee728b)
Start importing Assets/Purchased/PolygonDungeonRealms/Prefabs/Buildings/SM_Bld_Ruin_Tower_Round_Tall_01.prefab using Guid(b5bfebc88e4f8ff468baabf93fb122dd) Importer(815301076,1909f56bfc062723c751e8b465ee728b)  -> (artifact id: '3a8cd09c0fd91e28a7942d980000ec82') in 0.055390 seconds
  Import took 0.065538 seconds .

========================================================================
Received Import Request.
  Time since last request: 0.002896 seconds.
  path: Assets/Purchased/PolygonDungeonRealms/Prefabs/Buildings/SM_Bld_Ruin_Tower_Round_Tall_01.prefab
  artifactKey: Guid(b5bfebc88e4f8ff468baabf93fb122dd) Importer(815301076,1909f56bfc062723c751e8b465ee728b)
Start importing Assets/Purchased/PolygonDungeonRealms/Prefabs/Buildings/SM_Bld_Ruin_Tower_Round_Tall_01.prefab using Guid(b5bfebc88e4f8ff468baabf93fb122dd) Importer(815301076,1909f56bfc062723c751e8b465ee728b)  -> (artifact id: '3a8cd09c0fd91e28a7942d980000ec82') in 0.045294 seconds
  Import took 0.054243 seconds .

========================================================================
Received Import Request.
  Time since last request: 0.385884 seconds.
  path: Assets/Purchased/PolygonDungeonRealms/Prefabs/Buildings/SM_Bld_Ruin_Tower_Broken_01.prefab
  artifactKey: Guid(1071a745eb798254983699e31242e26a) Importer(815301076,1909f56bfc062723c751e8b465ee728b)
Start importing Assets/Purchased/PolygonDungeonRealms/Prefabs/Buildings/SM_Bld_Ruin_Tower_Broken_01.prefab using Guid(1071a745eb798254983699e31242e26a) Importer(815301076,1909f56bfc062723c751e8b465ee728b)  -> (artifact id: '7fd69b90d27d228ff74b4a7f1e35cecc') in 0.051592 seconds
  Import took 0.074728 seconds .

========================================================================
Received Import Request.
  Time since last request: 1.871489 seconds.
  path: Assets/Purchased/PolygonDungeonRealms/Prefabs/Buildings/SM_Bld_Ruin_Bridge_02.prefab
  artifactKey: Guid(44be2fe6c652fe04a936c5d65f2573db) Importer(815301076,1909f56bfc062723c751e8b465ee728b)
Start importing Assets/Purchased/PolygonDungeonRealms/Prefabs/Buildings/SM_Bld_Ruin_Bridge_02.prefab using Guid(44be2fe6c652fe04a936c5d65f2573db) Importer(815301076,1909f56bfc062723c751e8b465ee728b)  -> (artifact id: 'db4adf756121e1dc4a6fce69390a1f65') in 0.049932 seconds
  Import took 0.092771 seconds .

========================================================================
Received Import Request.
  Time since last request: 1.561236 seconds.
  path: Assets/Purchased/PolygonDungeonRealms/Prefabs/Buildings/SM_Bld_Ruin_Arch_Broken_01.prefab
  artifactKey: Guid(1c16e1d984cabf046803d74c5d64f7dc) Importer(815301076,1909f56bfc062723c751e8b465ee728b)
Start importing Assets/Purchased/PolygonDungeonRealms/Prefabs/Buildings/SM_Bld_Ruin_Arch_Broken_01.prefab using Guid(1c16e1d984cabf046803d74c5d64f7dc) Importer(815301076,1909f56bfc062723c751e8b465ee728b)  -> (artifact id: '2366aba70d561466497f542b03ccbbea') in 0.051421 seconds
  Import took 0.098932 seconds .

========================================================================
Received Import Request.
  Time since last request: 0.371417 seconds.
  path: Assets/Purchased/PolygonDungeonRealms/Prefabs/Buildings/SM_Bld_Ruin_Bridge_04.prefab
  artifactKey: Guid(0056044e042c7584baba9f159034f9ba) Importer(815301076,1909f56bfc062723c751e8b465ee728b)
Start importing Assets/Purchased/PolygonDungeonRealms/Prefabs/Buildings/SM_Bld_Ruin_Bridge_04.prefab using Guid(0056044e042c7584baba9f159034f9ba) Importer(815301076,1909f56bfc062723c751e8b465ee728b)  -> (artifact id: '2c0b3fa3c4102eecdbfaeb632ef1587b') in 0.049439 seconds
  Import took 0.085029 seconds .

========================================================================
Received Import Request.
  Time since last request: 1.573850 seconds.
  path: Assets/Purchased/PolygonDungeonRealms/Prefabs/Buildings/SM_Bld_Camp_Tent_Round_02.prefab
  artifactKey: Guid(553b78d8ae93c1d4684ce08da9c45a5a) Importer(815301076,1909f56bfc062723c751e8b465ee728b)
Start importing Assets/Purchased/PolygonDungeonRealms/Prefabs/Buildings/SM_Bld_Camp_Tent_Round_02.prefab using Guid(553b78d8ae93c1d4684ce08da9c45a5a) Importer(815301076,1909f56bfc062723c751e8b465ee728b)  -> (artifact id: '0aa6c8a5df6e33f39c676fc2b064e9ff') in 0.140197 seconds
  Import took 0.162784 seconds .

========================================================================
Received Import Request.
  Time since last request: 1.215056 seconds.
  path: Assets/Purchased/PolygonDungeonRealms/Prefabs/Buildings/SM_Bld_Camp_Tent_Cover_Side_02.prefab
  artifactKey: Guid(cc7481bf4a287524aab34ec273e3adb7) Importer(815301076,1909f56bfc062723c751e8b465ee728b)
Start importing Assets/Purchased/PolygonDungeonRealms/Prefabs/Buildings/SM_Bld_Camp_Tent_Cover_Side_02.prefab using Guid(cc7481bf4a287524aab34ec273e3adb7) Importer(815301076,1909f56bfc062723c751e8b465ee728b)  -> (artifact id: '3392d1614ca79fa92a332d5fd6efdef7') in 0.064537 seconds
  Import took 0.092902 seconds .

========================================================================
Received Import Request.
  Time since last request: 0.315389 seconds.
  path: Assets/Purchased/PolygonDungeonRealms/Prefabs/Buildings/SM_Bld_Camp_Tent_05.prefab
  artifactKey: Guid(330562d8828d5c040b259c8137cf8c1c) Importer(815301076,1909f56bfc062723c751e8b465ee728b)
Start importing Assets/Purchased/PolygonDungeonRealms/Prefabs/Buildings/SM_Bld_Camp_Tent_05.prefab using Guid(330562d8828d5c040b259c8137cf8c1c) Importer(815301076,1909f56bfc062723c751e8b465ee728b)  -> (artifact id: '2e16738e844fea2b2f390b883482f016') in 0.057193 seconds
  Import took 0.075213 seconds .

========================================================================
Received Import Request.
  Time since last request: 0.803245 seconds.
  path: Assets/Purchased/PolygonDungeonRealms/Prefabs/Buildings/SM_Bld_Camp_Tent_03.prefab
  artifactKey: Guid(caad2e57ec095d043881b0b045887ab2) Importer(815301076,1909f56bfc062723c751e8b465ee728b)
Start importing Assets/Purchased/PolygonDungeonRealms/Prefabs/Buildings/SM_Bld_Camp_Tent_03.prefab using Guid(caad2e57ec095d043881b0b045887ab2) Importer(815301076,1909f56bfc062723c751e8b465ee728b)  -> (artifact id: 'ca80f528144482a6344eb221179f7cf0') in 0.064610 seconds
  Import took 0.089702 seconds .

========================================================================
Received Import Request.
  Time since last request: 0.374198 seconds.
  path: Assets/Purchased/PolygonDungeonRealms/Prefabs/Buildings/SM_Bld_Camp_Tent_01.prefab
  artifactKey: Guid(b1276df4b13575f4fbff0c3b46ce9a2b) Importer(815301076,1909f56bfc062723c751e8b465ee728b)
Start importing Assets/Purchased/PolygonDungeonRealms/Prefabs/Buildings/SM_Bld_Camp_Tent_01.prefab using Guid(b1276df4b13575f4fbff0c3b46ce9a2b) Importer(815301076,1909f56bfc062723c751e8b465ee728b)  -> (artifact id: 'e590f837509e0575f26e128ea3cad2ba') in 0.064511 seconds
  Import took 0.080622 seconds .

========================================================================
Received Import Request.
  Time since last request: 3.752181 seconds.
  path: Assets/Purchased/PolygonDungeonRealms/Prefabs/Characters
  artifactKey: Guid(3456349c88ea2e244820e64d07c038a6) Importer(815301076,1909f56bfc062723c751e8b465ee728b)
Start importing Assets/Purchased/PolygonDungeonRealms/Prefabs/Characters using Guid(3456349c88ea2e244820e64d07c038a6) Importer(815301076,1909f56bfc062723c751e8b465ee728b)  -> (artifact id: '53d19eb44ad7dd7eca61a725da63a6fd') in 0.007367 seconds
  Import took 0.028114 seconds .

========================================================================
Received Import Request.
  Time since last request: 50.443565 seconds.
  path: Assets/Purchased/PolygonDungeonRealms/Scenes
  artifactKey: Guid(98b5860775ecdaa429e5515a9e40f37e) Importer(815301076,1909f56bfc062723c751e8b465ee728b)
Start importing Assets/Purchased/PolygonDungeonRealms/Scenes using Guid(98b5860775ecdaa429e5515a9e40f37e) Importer(815301076,1909f56bfc062723c751e8b465ee728b)  -> (artifact id: 'be29105fcad7149dcfe3e6f9b9ce6fee') in 0.041792 seconds
  Import took 0.285978 seconds .

========================================================================
Received Import Request.
  Time since last request: 2.736893 seconds.
  path: Assets/Purchased/PolygonDungeonRealms/Scenes/Demo_Desert_01.unity
  artifactKey: Guid(252bfa41218daf148aa0eff6a55b8d21) Importer(815301076,1909f56bfc062723c751e8b465ee728b)
Start importing Assets/Purchased/PolygonDungeonRealms/Scenes/Demo_Desert_01.unity using Guid(252bfa41218daf148aa0eff6a55b8d21) Importer(815301076,1909f56bfc062723c751e8b465ee728b)  -> (artifact id: 'a1b7f3276328b02935701a44c0216691') in 0.007624 seconds
  Import took 0.043509 seconds .

========================================================================
Received Import Request.
  Time since last request: 76.109353 seconds.
  path: Assets/Purchased/PolygonDungeonRealms/Scenes/Demo_Dungeon_01.unity
  artifactKey: Guid(d515063cc7e552649959320dfe40578b) Importer(815301076,1909f56bfc062723c751e8b465ee728b)
Start importing Assets/Purchased/PolygonDungeonRealms/Scenes/Demo_Dungeon_01.unity using Guid(d515063cc7e552649959320dfe40578b) Importer(815301076,1909f56bfc062723c751e8b465ee728b)  -> (artifact id: '05d407474d07507fabb4f0105bb3b689') in 0.008015 seconds
  Import took 0.158210 seconds .

========================================================================
Received Import Request.
  Time since last request: 147.849088 seconds.
  path: Assets/Purchased/PolygonDungeonRealms/Scenes/Demo_Hell_01.unity
  artifactKey: Guid(eeccb7edee244244c9cbbb2d9e460728) Importer(815301076,1909f56bfc062723c751e8b465ee728b)
Start importing Assets/Purchased/PolygonDungeonRealms/Scenes/Demo_Hell_01.unity using Guid(eeccb7edee244244c9cbbb2d9e460728) Importer(815301076,1909f56bfc062723c751e8b465ee728b)  -> (artifact id: '3cfe17d7ed061391878b9672699d498b') in 0.008678 seconds
  Import took 0.173846 seconds .

========================================================================
Received Import Request.
  Time since last request: 6.562331 seconds.
  path: Assets/Purchased/PolygonDungeonRealms/Scenes/Demo_Forge_01.unity
  artifactKey: Guid(0850bb9b948948349b83e3612aa421af) Importer(815301076,1909f56bfc062723c751e8b465ee728b)
Start importing Assets/Purchased/PolygonDungeonRealms/Scenes/Demo_Forge_01.unity using Guid(0850bb9b948948349b83e3612aa421af) Importer(815301076,1909f56bfc062723c751e8b465ee728b)  -> (artifact id: '52fb2ea4d2337bc28941bb46535ed4f0') in 0.007671 seconds
  Import took 0.033583 seconds .

========================================================================
Received Import Request.
  Time since last request: 59.870434 seconds.
  path: Assets/Purchased/PolygonKnights/Demo/DemoScene.unity
  artifactKey: Guid(c7214231c137bfb46bb461c5c95ec794) Importer(815301076,1909f56bfc062723c751e8b465ee728b)
Start importing Assets/Purchased/PolygonKnights/Demo/DemoScene.unity using Guid(c7214231c137bfb46bb461c5c95ec794) Importer(815301076,1909f56bfc062723c751e8b465ee728b)  -> (artifact id: '28d82a47c03c5356418e8f896fc07265') in 0.008384 seconds
  Import took 0.149845 seconds .

========================================================================
Received Prepare
Registering precompiled user dll's ...
Registered in 0.003051 seconds.
Begin MonoManager ReloadAssembly
Native extension for WindowsStandalone target not found
Refreshing native plugins compatible for Editor in 3.32 ms, found 0 plugins.
Preloading 0 native plugins for Editor in 0.00 ms.
Warning: Annotation not found!
UnityEngine.StackTraceUtility:ExtractStackTrace ()
UnityEditor.ProBuilder.EditorUtility:SetGizmoIconEnabled (System.Type,bool) (at Library/PackageCache/com.unity.probuilder@4.5.0/Editor/EditorCore/EditorUtility.cs:593)
UnityEditor.ProBuilder.HierarchyListener:.cctor () (at Library/PackageCache/com.unity.probuilder@4.5.0/Editor/EditorCore/HierarchyListener.cs:21)
System.Runtime.CompilerServices.RuntimeHelpers:RunClassConstructor (System.RuntimeTypeHandle)
UnityEditor.EditorAssemblies:ProcessInitializeOnLoadAttributes (System.Type[])

[Library/PackageCache/com.unity.probuilder@4.5.0/Editor/EditorCore/EditorUtility.cs line 593]

Mono: successfully reloaded assembly
- Completed reload, in  1.103 seconds
Platform modules already initialized, skipping
Shader 'Easy Build System/EasyBuildSystem_Transparent': fallback shader 'Transparent' not found
Shader 'Universal Render Pipeline/Particles/Lit': fallback shader 'Universal Render Pipeline/Particles/SimpleLit' not found
Refreshing native plugins compatible for Editor in 1.75 ms, found 0 plugins.
Preloading 0 native plugins for Editor in 0.00 ms.
Unloading 3598 Unused Serialized files (Serialized files now loaded: 0)
System memory in use before: 253.0 MB.
System memory in use after: 253.2 MB.

Unloading 13 unused Assets to reduce memory usage. Loaded Objects now: 4392.
Total: 4.239400 ms (FindLiveObjects: 0.490200 ms CreateObjectMapping: 0.119700 ms MarkObjects: 3.487700 ms  DeleteObjects: 0.140200 ms)

========================================================================
Received Import Request.
  Time since last request: 215.878392 seconds.
  path: Assets/Art/Buildings/SM_Bld_StairsLarge_02.prefab
  artifactKey: Guid(b819e64cf72d62948965e675d6e84636) Importer(815301076,1909f56bfc062723c751e8b465ee728b)
Start importing Assets/Art/Buildings/SM_Bld_StairsLarge_02.prefab using Guid(b819e64cf72d62948965e675d6e84636) Importer(815301076,1909f56bfc062723c751e8b465ee728b)  -> (artifact id: '2d526cf2dafe49747c8cd93648928415') in 0.151375 seconds
  Import took 0.203776 seconds .

========================================================================
Received Prepare
Registering precompiled user dll's ...
Registered in 0.003032 seconds.
Begin MonoManager ReloadAssembly
Native extension for WindowsStandalone target not found
Refreshing native plugins compatible for Editor in 1.78 ms, found 0 plugins.
Preloading 0 native plugins for Editor in 0.00 ms.
Warning: Annotation not found!
UnityEngine.StackTraceUtility:ExtractStackTrace ()
UnityEditor.ProBuilder.EditorUtility:SetGizmoIconEnabled (System.Type,bool) (at Library/PackageCache/com.unity.probuilder@4.5.0/Editor/EditorCore/EditorUtility.cs:593)
UnityEditor.ProBuilder.HierarchyListener:.cctor () (at Library/PackageCache/com.unity.probuilder@4.5.0/Editor/EditorCore/HierarchyListener.cs:21)
System.Runtime.CompilerServices.RuntimeHelpers:RunClassConstructor (System.RuntimeTypeHandle)
UnityEditor.EditorAssemblies:ProcessInitializeOnLoadAttributes (System.Type[])

[Library/PackageCache/com.unity.probuilder@4.5.0/Editor/EditorCore/EditorUtility.cs line 593]

Mono: successfully reloaded assembly
- Completed reload, in  1.104 seconds
Platform modules already initialized, skipping
Shader 'Easy Build System/EasyBuildSystem_Transparent': fallback shader 'Transparent' not found
Shader 'Universal Render Pipeline/Particles/Lit': fallback shader 'Universal Render Pipeline/Particles/SimpleLit' not found
Refreshing native plugins compatible for Editor in 2.03 ms, found 0 plugins.
Preloading 0 native plugins for Editor in 0.00 ms.
Unloading 3598 Unused Serialized files (Serialized files now loaded: 0)
System memory in use before: 253.2 MB.
System memory in use after: 253.4 MB.

Unloading 13 unused Assets to reduce memory usage. Loaded Objects now: 4432.
Total: 4.189300 ms (FindLiveObjects: 0.452100 ms CreateObjectMapping: 0.135400 ms MarkObjects: 3.452100 ms  DeleteObjects: 0.146900 ms)

========================================================================
Received Import Request.
  Time since last request: 1247.662518 seconds.
  path: Assets/Easy Build System/Custom Fabs/Resized Buildings/Fixed_Stairs_Medieval.prefab
  artifactKey: Guid(cbe3af1531f3255438528362ec9135b6) Importer(815301076,1909f56bfc062723c751e8b465ee728b)
Start importing Assets/Easy Build System/Custom Fabs/Resized Buildings/Fixed_Stairs_Medieval.prefab using Guid(cbe3af1531f3255438528362ec9135b6) Importer(815301076,1909f56bfc062723c751e8b465ee728b)  -> (artifact id: 'b67c743a72515401e354bfccf1d760c8') in 0.161064 seconds
  Import took 0.219028 seconds .

========================================================================
Received Import Request.
  Time since last request: 187.966185 seconds.
  path: Assets/Easy Build System/Custom Fabs/Building Prefab/Half_Stairs_Medieval.prefab
  artifactKey: Guid(c84edea7c885dff498f821ae8d4b6253) Importer(815301076,1909f56bfc062723c751e8b465ee728b)
Start importing Assets/Easy Build System/Custom Fabs/Building Prefab/Half_Stairs_Medieval.prefab using Guid(c84edea7c885dff498f821ae8d4b6253) Importer(815301076,1909f56bfc062723c751e8b465ee728b)  -> (artifact id: '7581de2bdc01ccbd3dce8c7e4e8cbb2f') in 0.017492 seconds
  Import took 0.043031 seconds .

========================================================================
Received Import Request.
  Time since last request: 0.001199 seconds.
  path: Assets/Easy Build System/Custom Fabs/Building Prefab/Half_Stairs_Medieval.prefab
  artifactKey: Guid(c84edea7c885dff498f821ae8d4b6253) Importer(815301076,1909f56bfc062723c751e8b465ee728b)
Start importing Assets/Easy Build System/Custom Fabs/Building Prefab/Half_Stairs_Medieval.prefab using Guid(c84edea7c885dff498f821ae8d4b6253) Importer(815301076,1909f56bfc062723c751e8b465ee728b)  -> (artifact id: '7581de2bdc01ccbd3dce8c7e4e8cbb2f') in 0.011052 seconds
  Import took 0.017581 seconds .

========================================================================
Received Import Request.
  Time since last request: 37.193621 seconds.
  path: Assets/Easy Build System/Custom Fabs/Building Prefab/Half_Stairs_Medieval.prefab
  artifactKey: Guid(c84edea7c885dff498f821ae8d4b6253) Importer(815301076,1909f56bfc062723c751e8b465ee728b)
Start importing Assets/Easy Build System/Custom Fabs/Building Prefab/Half_Stairs_Medieval.prefab using Guid(c84edea7c885dff498f821ae8d4b6253) Importer(815301076,1909f56bfc062723c751e8b465ee728b)  -> (artifact id: '3afd5617f6c893c3580017ca58e0841a') in 0.010168 seconds
  Import took 0.630252 seconds .

========================================================================
Received Import Request.
  Time since last request: 3.918335 seconds.
  path: Assets/Easy Build System/Custom Fabs/Building Prefab/Half_Stairs_Medieval.prefab
  artifactKey: Guid(c84edea7c885dff498f821ae8d4b6253) Importer(815301076,1909f56bfc062723c751e8b465ee728b)
Start importing Assets/Easy Build System/Custom Fabs/Building Prefab/Half_Stairs_Medieval.prefab using Guid(c84edea7c885dff498f821ae8d4b6253) Importer(815301076,1909f56bfc062723c751e8b465ee728b)  -> (artifact id: 'ea9fbf855755aca8d37a353c7784b400') in 0.009541 seconds
  Import took 0.240901 seconds .

========================================================================
Received Import Request.
  Time since last request: 6.525844 seconds.
  path: Assets/Easy Build System/Custom Fabs/Building Prefab/Medieval Stairs.prefab
  artifactKey: Guid(2f1b4f8fafba8554aa03ca1476d63fb1) Importer(815301076,1909f56bfc062723c751e8b465ee728b)
Start importing Assets/Easy Build System/Custom Fabs/Building Prefab/Medieval Stairs.prefab using Guid(2f1b4f8fafba8554aa03ca1476d63fb1) Importer(815301076,1909f56bfc062723c751e8b465ee728b)  -> (artifact id: 'ea9ee94aeb3bc5526980f93aa61410ae') in 0.016425 seconds
  Import took 0.022711 seconds .

========================================================================
Received Import Request.
  Time since last request: 371.088423 seconds.
  path: Assets/Easy Build System/Custom Fabs/Building Prefab/Half_Stairs_Medieval.prefab
  artifactKey: Guid(c84edea7c885dff498f821ae8d4b6253) Importer(815301076,1909f56bfc062723c751e8b465ee728b)
Start importing Assets/Easy Build System/Custom Fabs/Building Prefab/Half_Stairs_Medieval.prefab using Guid(c84edea7c885dff498f821ae8d4b6253) Importer(815301076,1909f56bfc062723c751e8b465ee728b)  -> (artifact id: 'b3ee9b8e40c2f16b94ecb955905fe983') in 0.011772 seconds
  Import took 0.064578 seconds .

========================================================================
Received Prepare
Registering precompiled user dll's ...
Registered in 0.003034 seconds.
Begin MonoManager ReloadAssembly
Native extension for WindowsStandalone target not found
Refreshing native plugins compatible for Editor in 1.82 ms, found 0 plugins.
Preloading 0 native plugins for Editor in 0.00 ms.
Warning: Annotation not found!
UnityEngine.StackTraceUtility:ExtractStackTrace ()
UnityEditor.ProBuilder.EditorUtility:SetGizmoIconEnabled (System.Type,bool) (at Library/PackageCache/com.unity.probuilder@4.5.0/Editor/EditorCore/EditorUtility.cs:593)
UnityEditor.ProBuilder.HierarchyListener:.cctor () (at Library/PackageCache/com.unity.probuilder@4.5.0/Editor/EditorCore/HierarchyListener.cs:21)
System.Runtime.CompilerServices.RuntimeHelpers:RunClassConstructor (System.RuntimeTypeHandle)
UnityEditor.EditorAssemblies:ProcessInitializeOnLoadAttributes (System.Type[])

[Library/PackageCache/com.unity.probuilder@4.5.0/Editor/EditorCore/EditorUtility.cs line 593]

Mono: successfully reloaded assembly
- Completed reload, in  1.088 seconds
Platform modules already initialized, skipping
Shader 'Easy Build System/EasyBuildSystem_Transparent': fallback shader 'Transparent' not found
Shader 'Universal Render Pipeline/Particles/Lit': fallback shader 'Universal Render Pipeline/Particles/SimpleLit' not found
Refreshing native plugins compatible for Editor in 1.82 ms, found 0 plugins.
Preloading 0 native plugins for Editor in 0.00 ms.
Unloading 3598 Unused Serialized files (Serialized files now loaded: 0)
System memory in use before: 253.4 MB.
System memory in use after: 253.5 MB.

Unloading 13 unused Assets to reduce memory usage. Loaded Objects now: 4472.
Total: 4.478700 ms (FindLiveObjects: 0.480300 ms CreateObjectMapping: 0.149500 ms MarkObjects: 3.700400 ms  DeleteObjects: 0.146400 ms)

========================================================================
Received Import Request.
  Time since last request: 19.836517 seconds.
  path: Assets/Easy Build System/Custom Fabs/Building Prefab/Half_Stairs_Medieval.prefab
  artifactKey: Guid(c84edea7c885dff498f821ae8d4b6253) Importer(815301076,1909f56bfc062723c751e8b465ee728b)
Start importing Assets/Easy Build System/Custom Fabs/Building Prefab/Half_Stairs_Medieval.prefab using Guid(c84edea7c885dff498f821ae8d4b6253) Importer(815301076,1909f56bfc062723c751e8b465ee728b)  -> (artifact id: 'df2bb591ea7dd3bc41bf05196488b976') in 0.168501 seconds
  Import took 0.188966 seconds .

========================================================================
Received Prepare
Registering precompiled user dll's ...
Registered in 0.002997 seconds.
Begin MonoManager ReloadAssembly
Native extension for WindowsStandalone target not found
Refreshing native plugins compatible for Editor in 1.79 ms, found 0 plugins.
Preloading 0 native plugins for Editor in 0.00 ms.
Warning: Annotation not found!
UnityEngine.StackTraceUtility:ExtractStackTrace ()
UnityEditor.ProBuilder.EditorUtility:SetGizmoIconEnabled (System.Type,bool) (at Library/PackageCache/com.unity.probuilder@4.5.0/Editor/EditorCore/EditorUtility.cs:593)
UnityEditor.ProBuilder.HierarchyListener:.cctor () (at Library/PackageCache/com.unity.probuilder@4.5.0/Editor/EditorCore/HierarchyListener.cs:21)
System.Runtime.CompilerServices.RuntimeHelpers:RunClassConstructor (System.RuntimeTypeHandle)
UnityEditor.EditorAssemblies:ProcessInitializeOnLoadAttributes (System.Type[])

[Library/PackageCache/com.unity.probuilder@4.5.0/Editor/EditorCore/EditorUtility.cs line 593]

Mono: successfully reloaded assembly
- Completed reload, in  1.107 seconds
Platform modules already initialized, skipping
Shader 'Easy Build System/EasyBuildSystem_Transparent': fallback shader 'Transparent' not found
Shader 'Universal Render Pipeline/Particles/Lit': fallback shader 'Universal Render Pipeline/Particles/SimpleLit' not found
Refreshing native plugins compatible for Editor in 1.76 ms, found 0 plugins.
Preloading 0 native plugins for Editor in 0.00 ms.
Unloading 3598 Unused Serialized files (Serialized files now loaded: 0)
System memory in use before: 253.5 MB.
System memory in use after: 253.7 MB.

Unloading 13 unused Assets to reduce memory usage. Loaded Objects now: 4512.
Total: 7.867800 ms (FindLiveObjects: 1.727500 ms CreateObjectMapping: 0.980100 ms MarkObjects: 4.987600 ms  DeleteObjects: 0.170200 ms)

========================================================================
Received Import Request.
  Time since last request: 1026.884025 seconds.
  path: Assets/Purchased/PolygonKnights/Models/SM_Bld_Castle_Arrow_Slit_01.fbx
  artifactKey: Guid(ad98557921941f547990aa3a4e42de24) Importer(815301076,1909f56bfc062723c751e8b465ee728b)
Start importing Assets/Purchased/PolygonKnights/Models/SM_Bld_Castle_Arrow_Slit_01.fbx using Guid(ad98557921941f547990aa3a4e42de24) Importer(815301076,1909f56bfc062723c751e8b465ee728b)  -> (artifact id: '4d10b8fe4e4a376084fd64c0eb0a972f') in 0.191023 seconds
  Import took 0.227199 seconds .

========================================================================
Received Import Request.
  Time since last request: 0.630504 seconds.
  path: Assets/Purchased/PolygonKnights/Models/SM_Bld_Castle_Door_01.fbx
  artifactKey: Guid(5fb29acfbd82c8348b9c860cae3c7daf) Importer(815301076,1909f56bfc062723c751e8b465ee728b)
Start importing Assets/Purchased/PolygonKnights/Models/SM_Bld_Castle_Door_01.fbx using Guid(5fb29acfbd82c8348b9c860cae3c7daf) Importer(815301076,1909f56bfc062723c751e8b465ee728b)  -> (artifact id: 'e635c3b179df2a3af5041ce6ac417712') in 0.050017 seconds
  Import took 0.076057 seconds .

========================================================================
Received Import Request.
  Time since last request: 8.409280 seconds.
  path: Assets/Purchased/PolygonKnights/Models/SM_Bld_Castle_Tower_01_Lite.fbx
  artifactKey: Guid(582b5e605473a204a83a9c0187ce9931) Importer(815301076,1909f56bfc062723c751e8b465ee728b)
Start importing Assets/Purchased/PolygonKnights/Models/SM_Bld_Castle_Tower_01_Lite.fbx using Guid(582b5e605473a204a83a9c0187ce9931) Importer(815301076,1909f56bfc062723c751e8b465ee728b)  -> (artifact id: '12d113d2d76ec224ebc3772f98961e16') in 0.018113 seconds
  Import took 0.128562 seconds .

========================================================================
Received Import Request.
  Time since last request: 0.489730 seconds.
  path: Assets/Purchased/PolygonKnights/Models/SM_Bld_Castle_Tower_02.fbx
  artifactKey: Guid(3619d58f35a8e4f4eaefe6efa72e01db) Importer(815301076,1909f56bfc062723c751e8b465ee728b)
Start importing Assets/Purchased/PolygonKnights/Models/SM_Bld_Castle_Tower_02.fbx using Guid(3619d58f35a8e4f4eaefe6efa72e01db) Importer(815301076,1909f56bfc062723c751e8b465ee728b)  -> (artifact id: 'ab5c6cbf6cd6c0fe955d73ecd4c41bd7') in 0.023592 seconds
  Import took 0.036757 seconds .

========================================================================
Received Import Request.
  Time since last request: 1.412166 seconds.
  path: Assets/Purchased/PolygonKnights/Models/SM_Bld_Castle_Tower_Base_02.fbx
  artifactKey: Guid(9900c1bb3daf8034ca7120b29854f3b3) Importer(815301076,1909f56bfc062723c751e8b465ee728b)
Start importing Assets/Purchased/PolygonKnights/Models/SM_Bld_Castle_Tower_Base_02.fbx using Guid(9900c1bb3daf8034ca7120b29854f3b3) Importer(815301076,1909f56bfc062723c751e8b465ee728b)  -> (artifact id: 'ccabdef3268075104d0d36c8eecd10f9') in 0.031759 seconds
  Import took 0.058613 seconds .

========================================================================
Received Import Request.
  Time since last request: 0.434820 seconds.
  path: Assets/Purchased/PolygonKnights/Models/SM_Bld_Castle_Tower_Mini_01.fbx
  artifactKey: Guid(4e00bdee86e84a142864885ba4909f88) Importer(815301076,1909f56bfc062723c751e8b465ee728b)
Start importing Assets/Purchased/PolygonKnights/Models/SM_Bld_Castle_Tower_Mini_01.fbx using Guid(4e00bdee86e84a142864885ba4909f88) Importer(815301076,1909f56bfc062723c751e8b465ee728b)  -> (artifact id: 'e9b1c9c5bd50303643ac8b36b79d96a7') in 0.020778 seconds
  Import took 0.049702 seconds .

========================================================================
Received Import Request.
  Time since last request: 0.663530 seconds.
  path: Assets/Purchased/PolygonKnights/Models/SM_Bld_Castle_Tower_Mini_02.fbx
  artifactKey: Guid(8ccf24a9aab24844f88ede55ea50735a) Importer(815301076,1909f56bfc062723c751e8b465ee728b)
Start importing Assets/Purchased/PolygonKnights/Models/SM_Bld_Castle_Tower_Mini_02.fbx using Guid(8ccf24a9aab24844f88ede55ea50735a) Importer(815301076,1909f56bfc062723c751e8b465ee728b)  -> (artifact id: '04b0e35d6ef3164e405eaf53c1e2df8e') in 0.026863 seconds
  Import took 0.049681 seconds .

========================================================================
Received Import Request.
  Time since last request: 2.021348 seconds.
  path: Assets/Purchased/PolygonKnights/Models/SM_Bld_Castle_Tower_Round_01.fbx
  artifactKey: Guid(468f6350f64b1994da26ff44a4deaa89) Importer(815301076,1909f56bfc062723c751e8b465ee728b)
Start importing Assets/Purchased/PolygonKnights/Models/SM_Bld_Castle_Tower_Round_01.fbx using Guid(468f6350f64b1994da26ff44a4deaa89) Importer(815301076,1909f56bfc062723c751e8b465ee728b)  -> (artifact id: 'f21dd84fcc5c47a96bcb0f3b83f58788') in 0.018394 seconds
  Import took 0.060600 seconds .

========================================================================
Received Import Request.
  Time since last request: 5.458461 seconds.
  path: Assets/Purchased/PolygonKnights/Models/SM_Bld_ArrowSlit_01.fbx
  artifactKey: Guid(c83a6d0c2947c0d4996214f825287eb6) Importer(815301076,1909f56bfc062723c751e8b465ee728b)
Start importing Assets/Purchased/PolygonKnights/Models/SM_Bld_ArrowSlit_01.fbx using Guid(c83a6d0c2947c0d4996214f825287eb6) Importer(815301076,1909f56bfc062723c751e8b465ee728b)  -> (artifact id: 'e01fceef8342ca38c79f2264df417c0a') in 0.018753 seconds
  Import took 0.303696 seconds .

========================================================================
Received Import Request.
  Time since last request: 46.923574 seconds.
  path: Assets/Purchased/PolygonKnights/Models/SM_Bld_Castle_Tower_Base_01.fbx
  artifactKey: Guid(fbacd6e00aeaa2949b04802d395f0cbd) Importer(815301076,1909f56bfc062723c751e8b465ee728b)
Start importing Assets/Purchased/PolygonKnights/Models/SM_Bld_Castle_Tower_Base_01.fbx using Guid(fbacd6e00aeaa2949b04802d395f0cbd) Importer(815301076,1909f56bfc062723c751e8b465ee728b)  -> (artifact id: '2e10250f3cd7f28363a0e624e71339cc') in 0.018855 seconds
  Import took 0.025117 seconds .

========================================================================
Received Import Request.
  Time since last request: 0.755490 seconds.
  path: Assets/Purchased/PolygonKnights/Models/SM_Bld_Castle_Tower_Round_Top_01_Lite.fbx
  artifactKey: Guid(65689b21f15c9484c86c62366512f975) Importer(815301076,1909f56bfc062723c751e8b465ee728b)
Start importing Assets/Purchased/PolygonKnights/Models/SM_Bld_Castle_Tower_Round_Top_01_Lite.fbx using Guid(65689b21f15c9484c86c62366512f975) Importer(815301076,1909f56bfc062723c751e8b465ee728b)  -> (artifact id: '23c70996a3aa86e0f14ea6a086863645') in 0.020204 seconds
  Import took 0.026326 seconds .

========================================================================
Received Import Request.
  Time since last request: 1.608458 seconds.
  path: Assets/Purchased/PolygonKnights/Models/SM_Bld_Castle_Tower_Top_01.fbx
  artifactKey: Guid(f300c9ec0991f434c9aee22998ba0566) Importer(815301076,1909f56bfc062723c751e8b465ee728b)
Start importing Assets/Purchased/PolygonKnights/Models/SM_Bld_Castle_Tower_Top_01.fbx using Guid(f300c9ec0991f434c9aee22998ba0566) Importer(815301076,1909f56bfc062723c751e8b465ee728b)  -> (artifact id: '96afe5197feb4730ae0c35e339537c24') in 0.033587 seconds
  Import took 0.084294 seconds .

========================================================================
Received Import Request.
  Time since last request: 1.100390 seconds.
  path: Assets/Purchased/PolygonKnights/Models/SM_Bld_Castle_Tower_Wall_Top_01.fbx
  artifactKey: Guid(435e8c972d08d9443b362d312219c818) Importer(815301076,1909f56bfc062723c751e8b465ee728b)
Start importing Assets/Purchased/PolygonKnights/Models/SM_Bld_Castle_Tower_Wall_Top_01.fbx using Guid(435e8c972d08d9443b362d312219c818) Importer(815301076,1909f56bfc062723c751e8b465ee728b)  -> (artifact id: 'a31a31c7ec4a9aa2e1d564d817757ead') in 0.019051 seconds
  Import took 0.053237 seconds .

========================================================================
Received Import Request.
  Time since last request: 1.671037 seconds.
  path: Assets/Purchased/PolygonKnights/Models/SM_Bld_Castle_Tower_Wall_Top_01_Lite.fbx
  artifactKey: Guid(de598f098760588468a630ed86fc5d35) Importer(815301076,1909f56bfc062723c751e8b465ee728b)
Start importing Assets/Purchased/PolygonKnights/Models/SM_Bld_Castle_Tower_Wall_Top_01_Lite.fbx using Guid(de598f098760588468a630ed86fc5d35) Importer(815301076,1909f56bfc062723c751e8b465ee728b)  -> (artifact id: 'e547067e7c1cd3f21b26152e334acebb') in 0.018616 seconds
  Import took 0.041313 seconds .

========================================================================
Received Import Request.
  Time since last request: 7.015392 seconds.
  path: Assets/Purchased/PolygonKnights/Models/SM_Bld_Castle_Tower_Wall_Top_01_Snow.fbx
  artifactKey: Guid(f981ed296eeda8c4891453e106272df1) Importer(815301076,1909f56bfc062723c751e8b465ee728b)
Start importing Assets/Purchased/PolygonKnights/Models/SM_Bld_Castle_Tower_Wall_Top_01_Snow.fbx using Guid(f981ed296eeda8c4891453e106272df1) Importer(815301076,1909f56bfc062723c751e8b465ee728b)  -> (artifact id: '0e80dff1ce749b05253149b358737ef3') in 0.018367 seconds
  Import took 0.053392 seconds .

========================================================================
Received Import Request.
  Time since last request: 2.620902 seconds.
  path: Assets/Purchased/PolygonKnights/Models/SM_Bld_Castle_Wall_01_Lite.fbx
  artifactKey: Guid(e330742a442cc044683c72a0f6dde3a0) Importer(815301076,1909f56bfc062723c751e8b465ee728b)
Start importing Assets/Purchased/PolygonKnights/Models/SM_Bld_Castle_Wall_01_Lite.fbx using Guid(e330742a442cc044683c72a0f6dde3a0) Importer(815301076,1909f56bfc062723c751e8b465ee728b)  -> (artifact id: '45efc17c17743eaebf3fecf2b8f95861') in 0.019053 seconds
  Import took 0.042681 seconds .

========================================================================
Received Import Request.
  Time since last request: 2.138370 seconds.
  path: Assets/Purchased/PolygonKnights/Models/SM_Bld_Castle_Wall_Gate_01.fbx
  artifactKey: Guid(f02abd59e0d6e5c47982126d51e3bf5f) Importer(815301076,1909f56bfc062723c751e8b465ee728b)
Start importing Assets/Purchased/PolygonKnights/Models/SM_Bld_Castle_Wall_Gate_01.fbx using Guid(f02abd59e0d6e5c47982126d51e3bf5f) Importer(815301076,1909f56bfc062723c751e8b465ee728b)  -> (artifact id: 'eaa5401a415a92dac714e2775fd7d785') in 0.022290 seconds
  Import took 0.028498 seconds .

========================================================================
Received Import Request.
  Time since last request: 748.104435 seconds.
  path: Assets/Easy Build System/Custom Fabs/Modified_Catwalk.fbx
  artifactKey: Guid(f5de2882910b6314f9613861a2b82916) Importer(815301076,1909f56bfc062723c751e8b465ee728b)
Start importing Assets/Easy Build System/Custom Fabs/Modified_Catwalk.fbx using Guid(f5de2882910b6314f9613861a2b82916) Importer(815301076,1909f56bfc062723c751e8b465ee728b)  -> (artifact id: '9c6ea5a08afc240bb5ab2597b4f6e2a6') in 0.050603 seconds
  Import took 0.368339 seconds .

========================================================================
Received Import Request.
  Time since last request: 60.325576 seconds.
  path: Assets/Easy Build System/Custom Fabs/Modified_Catwalk.fbx
  artifactKey: Guid(f5de2882910b6314f9613861a2b82916) Importer(815301076,1909f56bfc062723c751e8b465ee728b)
Start importing Assets/Easy Build System/Custom Fabs/Modified_Catwalk.fbx using Guid(f5de2882910b6314f9613861a2b82916) Importer(815301076,1909f56bfc062723c751e8b465ee728b)  -> (artifact id: '7ada33fc0bcc4735ce39c2fac3d6968f') in 0.027492 seconds
  Import took 0.035715 seconds .

========================================================================
Received Prepare
Registering precompiled user dll's ...
Registered in 0.003226 seconds.
Begin MonoManager ReloadAssembly
Native extension for WindowsStandalone target not found
Refreshing native plugins compatible for Editor in 1.76 ms, found 0 plugins.
Preloading 0 native plugins for Editor in 0.00 ms.
Warning: Annotation not found!
UnityEngine.StackTraceUtility:ExtractStackTrace ()
UnityEditor.ProBuilder.EditorUtility:SetGizmoIconEnabled (System.Type,bool) (at Library/PackageCache/com.unity.probuilder@4.5.0/Editor/EditorCore/EditorUtility.cs:593)
UnityEditor.ProBuilder.HierarchyListener:.cctor () (at Library/PackageCache/com.unity.probuilder@4.5.0/Editor/EditorCore/HierarchyListener.cs:21)
System.Runtime.CompilerServices.RuntimeHelpers:RunClassConstructor (System.RuntimeTypeHandle)
UnityEditor.EditorAssemblies:ProcessInitializeOnLoadAttributes (System.Type[])

[Library/PackageCache/com.unity.probuilder@4.5.0/Editor/EditorCore/EditorUtility.cs line 593]

Mono: successfully reloaded assembly
- Completed reload, in  1.081 seconds
Platform modules already initialized, skipping
Shader 'Easy Build System/EasyBuildSystem_Transparent': fallback shader 'Transparent' not found
Shader 'Universal Render Pipeline/Particles/Lit': fallback shader 'Universal Render Pipeline/Particles/SimpleLit' not found
Refreshing native plugins compatible for Editor in 1.77 ms, found 0 plugins.
Preloading 0 native plugins for Editor in 0.00 ms.
Unloading 3598 Unused Serialized files (Serialized files now loaded: 0)
System memory in use before: 253.7 MB.
System memory in use after: 253.9 MB.

Unloading 14 unused Assets to reduce memory usage. Loaded Objects now: 4552.
Total: 4.430900 ms (FindLiveObjects: 0.501800 ms CreateObjectMapping: 0.154500 ms MarkObjects: 3.624500 ms  DeleteObjects: 0.148200 ms)

========================================================================
Received Import Request.
  Time since last request: 712.434274 seconds.
  path: Assets/Easy Build System/Custom Fabs/Medieval Catwalk Circle(Clone).prefab
  artifactKey: Guid(e2e5902319971a543957ea2d9db49f03) Importer(815301076,1909f56bfc062723c751e8b465ee728b)
Start importing Assets/Easy Build System/Custom Fabs/Medieval Catwalk Circle(Clone).prefab using Guid(e2e5902319971a543957ea2d9db49f03) Importer(815301076,1909f56bfc062723c751e8b465ee728b)  -> (artifact id: 'a549e1e25f53c1a3594e8565b4b4d423') in 0.156734 seconds
  Import took 0.176992 seconds .

========================================================================
Received Import Request.
  Time since last request: 5.851364 seconds.
  path: Assets/Easy Build System/Custom Fabs/Modified_Catwalk.fbx
  artifactKey: Guid(f5de2882910b6314f9613861a2b82916) Importer(815301076,1909f56bfc062723c751e8b465ee728b)
Start importing Assets/Easy Build System/Custom Fabs/Modified_Catwalk.fbx using Guid(f5de2882910b6314f9613861a2b82916) Importer(815301076,1909f56bfc062723c751e8b465ee728b)  -> (artifact id: '31d1e63d27fe1eaa55dfd7ba8b5fc509') in 0.054401 seconds
  Import took 0.122460 seconds .

========================================================================
Received Import Request.
  Time since last request: 8.328737 seconds.
  path: Assets/Easy Build System/Custom Fabs/Medieval Catwalk Circle.prefab
  artifactKey: Guid(e2e5902319971a543957ea2d9db49f03) Importer(815301076,1909f56bfc062723c751e8b465ee728b)
Start importing Assets/Easy Build System/Custom Fabs/Medieval Catwalk Circle.prefab using Guid(e2e5902319971a543957ea2d9db49f03) Importer(815301076,1909f56bfc062723c751e8b465ee728b)  -> (artifact id: '0d2feeb44b81eb4f2a14ef5498280847') in 0.014066 seconds
  Import took 0.042368 seconds .

========================================================================
Received Import Request.
  Time since last request: 25.651214 seconds.
  path: Assets/Easy Build System/Custom Fabs/Medieval Catwalk Circle 1.prefab
  artifactKey: Guid(b58f400242ed93c47bb28bff238320d0) Importer(815301076,1909f56bfc062723c751e8b465ee728b)
Start importing Assets/Easy Build System/Custom Fabs/Medieval Catwalk Circle 1.prefab using Guid(b58f400242ed93c47bb28bff238320d0) Importer(815301076,1909f56bfc062723c751e8b465ee728b)  -> (artifact id: 'd7ffa656a683af91985e12c6cf1539dd') in 0.015766 seconds
  Import took 0.043362 seconds .

========================================================================
Received Prepare
Registering precompiled user dll's ...
Registered in 0.003171 seconds.
Begin MonoManager ReloadAssembly
Native extension for WindowsStandalone target not found
Refreshing native plugins compatible for Editor in 1.79 ms, found 0 plugins.
Preloading 0 native plugins for Editor in 0.00 ms.
Warning: Annotation not found!
UnityEngine.StackTraceUtility:ExtractStackTrace ()
UnityEditor.ProBuilder.EditorUtility:SetGizmoIconEnabled (System.Type,bool) (at Library/PackageCache/com.unity.probuilder@4.5.0/Editor/EditorCore/EditorUtility.cs:593)
UnityEditor.ProBuilder.HierarchyListener:.cctor () (at Library/PackageCache/com.unity.probuilder@4.5.0/Editor/EditorCore/HierarchyListener.cs:21)
System.Runtime.CompilerServices.RuntimeHelpers:RunClassConstructor (System.RuntimeTypeHandle)
UnityEditor.EditorAssemblies:ProcessInitializeOnLoadAttributes (System.Type[])

[Library/PackageCache/com.unity.probuilder@4.5.0/Editor/EditorCore/EditorUtility.cs line 593]

Mono: successfully reloaded assembly
- Completed reload, in  1.080 seconds
Platform modules already initialized, skipping
Shader 'Easy Build System/EasyBuildSystem_Transparent': fallback shader 'Transparent' not found
Shader 'Universal Render Pipeline/Particles/Lit': fallback shader 'Universal Render Pipeline/Particles/SimpleLit' not found
Refreshing native plugins compatible for Editor in 1.76 ms, found 0 plugins.
Preloading 0 native plugins for Editor in 0.00 ms.
Unloading 3598 Unused Serialized files (Serialized files now loaded: 0)
System memory in use before: 253.9 MB.
System memory in use after: 254.1 MB.

Unloading 13 unused Assets to reduce memory usage. Loaded Objects now: 4592.
Total: 4.853200 ms (FindLiveObjects: 0.734400 ms CreateObjectMapping: 0.168500 ms MarkObjects: 3.794100 ms  DeleteObjects: 0.154300 ms)

========================================================================
Received Prepare
Registering precompiled user dll's ...
Registered in 0.003188 seconds.
Begin MonoManager ReloadAssembly
Native extension for WindowsStandalone target not found
Refreshing native plugins compatible for Editor in 1.74 ms, found 0 plugins.
Preloading 0 native plugins for Editor in 0.00 ms.
Warning: Annotation not found!
UnityEngine.StackTraceUtility:ExtractStackTrace ()
UnityEditor.ProBuilder.EditorUtility:SetGizmoIconEnabled (System.Type,bool) (at Library/PackageCache/com.unity.probuilder@4.5.0/Editor/EditorCore/EditorUtility.cs:593)
UnityEditor.ProBuilder.HierarchyListener:.cctor () (at Library/PackageCache/com.unity.probuilder@4.5.0/Editor/EditorCore/HierarchyListener.cs:21)
System.Runtime.CompilerServices.RuntimeHelpers:RunClassConstructor (System.RuntimeTypeHandle)
UnityEditor.EditorAssemblies:ProcessInitializeOnLoadAttributes (System.Type[])

[Library/PackageCache/com.unity.probuilder@4.5.0/Editor/EditorCore/EditorUtility.cs line 593]

Mono: successfully reloaded assembly
- Completed reload, in  1.070 seconds
Platform modules already initialized, skipping
Shader 'Easy Build System/EasyBuildSystem_Transparent': fallback shader 'Transparent' not found
Shader 'Universal Render Pipeline/Particles/Lit': fallback shader 'Universal Render Pipeline/Particles/SimpleLit' not found
Refreshing native plugins compatible for Editor in 1.74 ms, found 0 plugins.
Preloading 0 native plugins for Editor in 0.00 ms.
Unloading 3598 Unused Serialized files (Serialized files now loaded: 0)
System memory in use before: 253.9 MB.
System memory in use after: 254.1 MB.

Unloading 13 unused Assets to reduce memory usage. Loaded Objects now: 4596.
Total: 5.272200 ms (FindLiveObjects: 0.813500 ms CreateObjectMapping: 0.205600 ms MarkObjects: 4.090800 ms  DeleteObjects: 0.160200 ms)

========================================================================
Received Import Request.
  Time since last request: 505.095884 seconds.
  path: Assets/Easy Build System/Custom Fabs/Modified_Catwalk1.prefab
  artifactKey: Guid(5348b11f0d1088446bd6076c92ed8a82) Importer(815301076,1909f56bfc062723c751e8b465ee728b)
Start importing Assets/Easy Build System/Custom Fabs/Modified_Catwalk1.prefab using Guid(5348b11f0d1088446bd6076c92ed8a82) Importer(815301076,1909f56bfc062723c751e8b465ee728b)  -> (artifact id: '2d3a650ce3ba748effbe1d158531d861') in 0.150630 seconds
  Import took 0.170293 seconds .

========================================================================
Received Import Request.
  Time since last request: 0.000246 seconds.
  path: Assets/Easy Build System/Custom Fabs/Modified_Catwalk1.fbx
  artifactKey: Guid(512aaf7099e19754db3dbec8325b164a) Importer(815301076,1909f56bfc062723c751e8b465ee728b)
Start importing Assets/Easy Build System/Custom Fabs/Modified_Catwalk1.fbx using Guid(512aaf7099e19754db3dbec8325b164a) Importer(815301076,1909f56bfc062723c751e8b465ee728b)  -> (artifact id: '5f77cf88cfdf2fa2c4c8e282f4b45b99') in 0.053938 seconds
  Import took 0.072387 seconds .

========================================================================
Received Import Request.
  Time since last request: 128.705636 seconds.
  path: Assets/Easy Build System/Custom Fabs/Building Prefab/Medieval Catwalk Circle.prefab
  artifactKey: Guid(6d2035197f30a004e8c7489a1a5e3e69) Importer(815301076,1909f56bfc062723c751e8b465ee728b)
Start importing Assets/Easy Build System/Custom Fabs/Building Prefab/Medieval Catwalk Circle.prefab using Guid(6d2035197f30a004e8c7489a1a5e3e69) Importer(815301076,1909f56bfc062723c751e8b465ee728b)  -> (artifact id: '8e2cca3856d09f2559d96ebca9969efb') in 0.017941 seconds
  Import took 0.024691 seconds .

========================================================================
Received Prepare
Registering precompiled user dll's ...
Registered in 0.004412 seconds.
Begin MonoManager ReloadAssembly
Native extension for WindowsStandalone target not found
Refreshing native plugins compatible for Editor in 1.80 ms, found 0 plugins.
Preloading 0 native plugins for Editor in 0.00 ms.
Warning: Annotation not found!
UnityEngine.StackTraceUtility:ExtractStackTrace ()
UnityEditor.ProBuilder.EditorUtility:SetGizmoIconEnabled (System.Type,bool) (at Library/PackageCache/com.unity.probuilder@4.5.0/Editor/EditorCore/EditorUtility.cs:593)
UnityEditor.ProBuilder.HierarchyListener:.cctor () (at Library/PackageCache/com.unity.probuilder@4.5.0/Editor/EditorCore/HierarchyListener.cs:21)
System.Runtime.CompilerServices.RuntimeHelpers:RunClassConstructor (System.RuntimeTypeHandle)
UnityEditor.EditorAssemblies:ProcessInitializeOnLoadAttributes (System.Type[])

[Library/PackageCache/com.unity.probuilder@4.5.0/Editor/EditorCore/EditorUtility.cs line 593]

Mono: successfully reloaded assembly
- Completed reload, in  1.119 seconds
Platform modules already initialized, skipping
Shader 'Easy Build System/EasyBuildSystem_Transparent': fallback shader 'Transparent' not found
Shader 'Universal Render Pipeline/Particles/Lit': fallback shader 'Universal Render Pipeline/Particles/SimpleLit' not found
Refreshing native plugins compatible for Editor in 1.77 ms, found 0 plugins.
Preloading 0 native plugins for Editor in 0.00 ms.
Unloading 3598 Unused Serialized files (Serialized files now loaded: 0)
System memory in use before: 254.0 MB.
System memory in use after: 254.2 MB.

Unloading 13 unused Assets to reduce memory usage. Loaded Objects now: 4636.
Total: 4.158600 ms (FindLiveObjects: 0.445300 ms CreateObjectMapping: 0.111900 ms MarkObjects: 3.462500 ms  DeleteObjects: 0.137500 ms)

========================================================================
Received Prepare
Registering precompiled user dll's ...
Registered in 0.003053 seconds.
Begin MonoManager ReloadAssembly
Native extension for WindowsStandalone target not found
Refreshing native plugins compatible for Editor in 1.87 ms, found 0 plugins.
Preloading 0 native plugins for Editor in 0.00 ms.
Warning: Annotation not found!
UnityEngine.StackTraceUtility:ExtractStackTrace ()
UnityEditor.ProBuilder.EditorUtility:SetGizmoIconEnabled (System.Type,bool) (at Library/PackageCache/com.unity.probuilder@4.5.0/Editor/EditorCore/EditorUtility.cs:593)
UnityEditor.ProBuilder.HierarchyListener:.cctor () (at Library/PackageCache/com.unity.probuilder@4.5.0/Editor/EditorCore/HierarchyListener.cs:21)
System.Runtime.CompilerServices.RuntimeHelpers:RunClassConstructor (System.RuntimeTypeHandle)
UnityEditor.EditorAssemblies:ProcessInitializeOnLoadAttributes (System.Type[])

[Library/PackageCache/com.unity.probuilder@4.5.0/Editor/EditorCore/EditorUtility.cs line 593]

Mono: successfully reloaded assembly
- Completed reload, in  1.096 seconds
Platform modules already initialized, skipping
Shader 'Easy Build System/EasyBuildSystem_Transparent': fallback shader 'Transparent' not found
Shader 'Universal Render Pipeline/Particles/Lit': fallback shader 'Universal Render Pipeline/Particles/SimpleLit' not found
Refreshing native plugins compatible for Editor in 1.85 ms, found 0 plugins.
Preloading 0 native plugins for Editor in 0.00 ms.
Unloading 3598 Unused Serialized files (Serialized files now loaded: 0)
System memory in use before: 254.0 MB.
System memory in use after: 254.2 MB.

Unloading 13 unused Assets to reduce memory usage. Loaded Objects now: 4640.
Total: 5.912900 ms (FindLiveObjects: 0.926300 ms CreateObjectMapping: 0.228700 ms MarkObjects: 4.591500 ms  DeleteObjects: 0.163600 ms)

AssetImportWorkerClient::OnTransportError - code=2 error=End of file
